This file contains any messages produced by compilers while
running configure, to aid debugging if configure makes a mistake.

It was created by audit configure 2.4.4, which was
generated by GNU Autoconf 2.69.  Invocation command line was

  $ ./configure --host=arm-linux-gnueabi --prefix=/home/li/ppp/begonia-android-11.0/tools/perf/deps-arm

## --------- ##
## Platform. ##
## --------- ##

hostname = li-VirtualBox
uname -m = x86_64
uname -r = 5.4.0-126-generic
uname -s = Linux
uname -v = #142-Ubuntu SMP Fri Aug 26 12:12:57 UTC 2022

/usr/bin/uname -p = x86_64
/bin/uname -X     = unknown

/bin/arch              = x86_64
/usr/bin/arch -k       = unknown
/usr/convex/getsysinfo = unknown
/usr/bin/hostinfo      = unknown
/bin/machine           = unknown
/usr/bin/oslevel       = unknown
/bin/universe          = unknown

PATH: /media/li/f0289236-c32e-4c2e-b8f7-6512860bf47f/li/clang+llvm-11.1.0-x86_64-linux-gnu-ubuntu-16.04/bin
PATH: /usr/local/sbin
PATH: /usr/local/bin
PATH: /usr/sbin
PATH: /usr/bin
PATH: /sbin
PATH: /bin
PATH: /usr/games
PATH: /usr/local/games
PATH: /snap/bin


## ----------- ##
## Core tests. ##
## ----------- ##

configure:2563: checking build system type
configure:2577: result: x86_64-unknown-linux-gnu
configure:2597: checking host system type
configure:2610: result: arm-unknown-linux-gnueabi
configure:2630: checking target system type
configure:2643: result: arm-unknown-linux-gnueabi
configure:2685: checking for a BSD-compatible install
configure:2753: result: /usr/bin/install -c
configure:2764: checking whether build environment is sane
configure:2819: result: yes
configure:2876: checking for arm-linux-gnueabi-strip
configure:2892: found /usr/bin/arm-linux-gnueabi-strip
configure:2903: result: arm-linux-gnueabi-strip
configure:2968: checking for a thread-safe mkdir -p
configure:3007: result: /usr/bin/mkdir -p
configure:3014: checking for gawk
configure:3030: found /usr/bin/gawk
configure:3041: result: gawk
configure:3052: checking whether make sets $(MAKE)
configure:3074: result: yes
configure:3103: checking whether make supports nested variables
configure:3120: result: yes
configure:3292: checking how to print strings
configure:3319: result: printf
configure:3352: checking for style of include used by make
configure:3380: result: GNU
configure:3411: checking for arm-linux-gnueabi-gcc
configure:3438: result: arm-linux-gnueabi-gcc
configure:3707: checking for C compiler version
configure:3716: arm-linux-gnueabi-gcc --version >&5
arm-linux-gnueabi-gcc (Ubuntu 10.3.0-1ubuntu1~20.04) 10.3.0
Copyright (C) 2020 Free Software Foundation, Inc.
This is free software; see the source for copying conditions.  There is NO
warranty; not even for MERCHANTABILITY or FITNESS FOR A PARTICULAR PURPOSE.

configure:3727: $? = 0
configure:3716: arm-linux-gnueabi-gcc -v >&5
Using built-in specs.
COLLECT_GCC=arm-linux-gnueabi-gcc
COLLECT_LTO_WRAPPER=/usr/lib/gcc-cross/arm-linux-gnueabi/10/lto-wrapper
Target: arm-linux-gnueabi
Configured with: ../src/configure -v --with-pkgversion='Ubuntu 10.3.0-1ubuntu1~20.04' --with-bugurl=file:///usr/share/doc/gcc-10/README.Bugs --enable-languages=c,ada,c++,go,d,fortran,objc,obj-c++,m2 --prefix=/usr --with-gcc-major-version-only --program-suffix=-10 --enable-shared --enable-linker-build-id --libexecdir=/usr/lib --without-included-gettext --enable-threads=posix --libdir=/usr/lib --enable-nls --with-sysroot=/ --enable-clocale=gnu --enable-libstdcxx-debug --enable-libstdcxx-time=yes --with-default-libstdcxx-abi=new --enable-gnu-unique-object --disable-libitm --disable-libquadmath --disable-libquadmath-support --enable-plugin --with-system-zlib --enable-libphobos-checking=release --without-target-system-zlib --enable-multiarch --enable-multilib --disable-sjlj-exceptions --with-specs='%{mfloat-abi=hard:-march=armv7-a -mcpu=generic-armv7-a -mfloat-abi=hard}' --with-arch=armv5t --with-float=soft --disable-werror --enable-multilib --enable-checking=release --build=x86_64-linux-gnu --host=x86_64-linux-gnu --target=arm-linux-gnueabi --program-prefix=arm-linux-gnueabi- --includedir=/usr/arm-linux-gnueabi/include --with-build-config=bootstrap-lto-lean --enable-link-mutex
Thread model: posix
Supported LTO compression algorithms: zlib
gcc version 10.3.0 (Ubuntu 10.3.0-1ubuntu1~20.04) 
configure:3727: $? = 0
configure:3716: arm-linux-gnueabi-gcc -V >&5
arm-linux-gnueabi-gcc: error: unrecognized command-line option '-V'
arm-linux-gnueabi-gcc: fatal error: no input files
compilation terminated.
configure:3727: $? = 1
configure:3716: arm-linux-gnueabi-gcc -qversion >&5
arm-linux-gnueabi-gcc: error: unrecognized command-line option '-qversion'; did you mean '--version'?
arm-linux-gnueabi-gcc: fatal error: no input files
compilation terminated.
configure:3727: $? = 1
configure:3747: checking whether the C compiler works
configure:3769: arm-linux-gnueabi-gcc    conftest.c  >&5
configure:3773: $? = 0
configure:3821: result: yes
configure:3824: checking for C compiler default output file name
configure:3826: result: a.out
configure:3832: checking for suffix of executables
configure:3839: arm-linux-gnueabi-gcc -o conftest    conftest.c  >&5
configure:3843: $? = 0
configure:3865: result: 
configure:3887: checking whether we are cross compiling
configure:3895: arm-linux-gnueabi-gcc -o conftest    conftest.c  >&5
configure:3899: $? = 0
configure:3906: ./conftest
./configure: line 3908: ./conftest: cannot execute binary file: Exec format error
configure:3910: $? = 126
configure:3898: result: yes
configure:3903: checking for suffix of object files
configure:3925: arm-linux-gnueabi-gcc -c   conftest.c >&5
configure:3929: $? = 0
configure:3950: result: o
configure:3954: checking whether we are using the GNU C compiler
configure:3973: arm-linux-gnueabi-gcc -c   conftest.c >&5
configure:3973: $? = 0
configure:3982: result: yes
configure:3991: checking whether arm-linux-gnueabi-gcc accepts -g
configure:4011: arm-linux-gnueabi-gcc -c -g  conftest.c >&5
configure:4011: $? = 0
configure:4052: result: yes
configure:4069: checking for arm-linux-gnueabi-gcc option to accept ISO C89
configure:4132: arm-linux-gnueabi-gcc  -c -g -O2  conftest.c >&5
configure:4132: $? = 0
configure:4145: result: none needed
configure:4170: checking whether arm-linux-gnueabi-gcc understands -c and -o together
configure:4192: arm-linux-gnueabi-gcc -c conftest.c -o conftest2.o
configure:4195: $? = 0
configure:4192: arm-linux-gnueabi-gcc -c conftest.c -o conftest2.o
configure:4195: $? = 0
configure:4207: result: yes
configure:4226: checking dependency style of arm-linux-gnueabi-gcc
configure:4337: result: gcc3
configure:4352: checking for a sed that does not truncate output
configure:4416: result: /usr/bin/sed
configure:4434: checking for grep that handles long lines and -e
configure:4492: result: /usr/bin/grep
configure:4497: checking for egrep
configure:4559: result: /usr/bin/grep -E
configure:4564: checking for fgrep
configure:4626: result: /usr/bin/grep -F
configure:4661: checking for ld used by arm-linux-gnueabi-gcc
configure:4728: result: /usr/arm-linux-gnueabi/bin/ld
configure:4735: checking if the linker (/usr/arm-linux-gnueabi/bin/ld) is GNU ld
configure:4750: result: yes
configure:4762: checking for BSD- or MS-compatible name lister (nm)
configure:4811: result: /usr/bin/arm-linux-gnueabi-nm -B
configure:4941: checking the name lister (/usr/bin/arm-linux-gnueabi-nm -B) interface
configure:4948: arm-linux-gnueabi-gcc -c -g -O2  conftest.c >&5
configure:4951: /usr/bin/arm-linux-gnueabi-nm -B "conftest.o"
configure:4954: output
00000000 B some_variable
configure:4955: result: BSD nm
configure:4958: checking whether ln -s works
configure:4962: result: yes
configure:4970: checking the maximum length of command line arguments
configure:5100: result: 1572864
configure:5117: checking whether the shell understands some XSI constructs
configure:5126: result: yes
configure:5130: checking whether the shell understands "+="
configure:5134: result: yes
configure:5169: checking how to convert x86_64-unknown-linux-gnu file names to arm-unknown-linux-gnueabi format
configure:5209: result: func_convert_file_noop
configure:5216: checking how to convert x86_64-unknown-linux-gnu file names to toolchain format
configure:5236: result: func_convert_file_noop
configure:5243: checking for /usr/arm-linux-gnueabi/bin/ld option to reload object files
configure:5250: result: -r
configure:5284: checking for arm-linux-gnueabi-objdump
configure:5300: found /usr/bin/arm-linux-gnueabi-objdump
configure:5311: result: arm-linux-gnueabi-objdump
configure:5383: checking how to recognize dependent libraries
configure:5585: result: pass_all
configure:5630: checking for arm-linux-gnueabi-dlltool
configure:5660: result: no
configure:5670: checking for dlltool
configure:5700: result: no
configure:5730: checking how to associate runtime and link libraries
configure:5757: result: printf %s\n
configure:5774: checking for arm-linux-gnueabi-ar
configure:5790: found /usr/bin/arm-linux-gnueabi-ar
configure:5801: result: arm-linux-gnueabi-ar
configure:5882: checking for archiver @FILE support
configure:5899: arm-linux-gnueabi-gcc -c -g -O2  conftest.c >&5
configure:5899: $? = 0
configure:5902: arm-linux-gnueabi-ar cru libconftest.a @conftest.lst >&5
arm-linux-gnueabi-ar: `u' modifier ignored since `D' is the default (see `U')
configure:5905: $? = 0
configure:5910: arm-linux-gnueabi-ar cru libconftest.a @conftest.lst >&5
arm-linux-gnueabi-ar: `u' modifier ignored since `D' is the default (see `U')
arm-linux-gnueabi-ar: conftest.o: No such file or directory
configure:5913: $? = 1
configure:5912: result: @
configure:5930: checking for arm-linux-gnueabi-strip
configure:5957: result: arm-linux-gnueabi-strip
configure:6029: checking for arm-linux-gnueabi-ranlib
configure:6045: found /usr/bin/arm-linux-gnueabi-ranlib
configure:6056: result: arm-linux-gnueabi-ranlib
configure:6198: checking command to parse /usr/bin/arm-linux-gnueabi-nm -B output from arm-linux-gnueabi-gcc object
configure:6318: arm-linux-gnueabi-gcc -c -g -O2  conftest.c >&5
configure:6321: $? = 0
configure:6325: /usr/bin/arm-linux-gnueabi-nm -B conftest.o \| sed -n -e 's/^.*[ ]\([ABCDGIRSTW][ABCDGIRSTW]*\)[ ][ ]*\([_A-Za-z][_A-Za-z0-9]*\)$/\1 \2 \2/p' | sed '/ __gnu_lto/d' \> conftest.nm
configure:6328: $? = 0
configure:6394: arm-linux-gnueabi-gcc -o conftest -g -O2   conftest.c conftstm.o >&5
configure:6397: $? = 0
configure:6435: result: ok
configure:6472: checking for sysroot
configure:6502: result: no
configure:6724: checking for arm-linux-gnueabi-mt
configure:6754: result: no
configure:6764: checking for mt
configure:6780: found /usr/bin/mt
configure:6791: result: mt
configure:6803: WARNING: using cross tools not prefixed with host triplet
configure:6814: checking if mt is a manifest tool
configure:6820: mt '-?'
configure:6828: result: no
configure:7470: checking how to run the C preprocessor
configure:7501: arm-linux-gnueabi-gcc -E  conftest.c
configure:7501: $? = 0
configure:7515: arm-linux-gnueabi-gcc -E  conftest.c
conftest.c:11:10: fatal error: ac_nonexistent.h: No such file or directory
   11 | #include <ac_nonexistent.h>
      |          ^~~~~~~~~~~~~~~~~~
compilation terminated.
configure:7515: $? = 1
configure: failed program was:
| /* confdefs.h */
| #define PACKAGE_NAME "audit"
| #define PACKAGE_TARNAME "audit"
| #define PACKAGE_VERSION "2.4.4"
| #define PACKAGE_STRING "audit 2.4.4"
| #define PACKAGE_BUGREPORT ""
| #define PACKAGE_URL ""
| #define PACKAGE "audit"
| #define VERSION "2.4.4"
| /* end confdefs.h.  */
| #include <ac_nonexistent.h>
configure:7540: result: arm-linux-gnueabi-gcc -E
configure:7560: arm-linux-gnueabi-gcc -E  conftest.c
configure:7560: $? = 0
configure:7574: arm-linux-gnueabi-gcc -E  conftest.c
conftest.c:11:10: fatal error: ac_nonexistent.h: No such file or directory
   11 | #include <ac_nonexistent.h>
      |          ^~~~~~~~~~~~~~~~~~
compilation terminated.
configure:7574: $? = 1
configure: failed program was:
| /* confdefs.h */
| #define PACKAGE_NAME "audit"
| #define PACKAGE_TARNAME "audit"
| #define PACKAGE_VERSION "2.4.4"
| #define PACKAGE_STRING "audit 2.4.4"
| #define PACKAGE_BUGREPORT ""
| #define PACKAGE_URL ""
| #define PACKAGE "audit"
| #define VERSION "2.4.4"
| /* end confdefs.h.  */
| #include <ac_nonexistent.h>
configure:7603: checking for ANSI C header files
configure:7623: arm-linux-gnueabi-gcc -c -g -O2  conftest.c >&5
configure:7623: $? = 0
configure:7707: result: yes
configure:7720: checking for sys/types.h
configure:7720: arm-linux-gnueabi-gcc -c -g -O2  conftest.c >&5
configure:7720: $? = 0
configure:7720: result: yes
configure:7720: checking for sys/stat.h
configure:7720: arm-linux-gnueabi-gcc -c -g -O2  conftest.c >&5
configure:7720: $? = 0
configure:7720: result: yes
configure:7720: checking for stdlib.h
configure:7720: arm-linux-gnueabi-gcc -c -g -O2  conftest.c >&5
configure:7720: $? = 0
configure:7720: result: yes
configure:7720: checking for string.h
configure:7720: arm-linux-gnueabi-gcc -c -g -O2  conftest.c >&5
configure:7720: $? = 0
configure:7720: result: yes
configure:7720: checking for memory.h
configure:7720: arm-linux-gnueabi-gcc -c -g -O2  conftest.c >&5
configure:7720: $? = 0
configure:7720: result: yes
configure:7720: checking for strings.h
configure:7720: arm-linux-gnueabi-gcc -c -g -O2  conftest.c >&5
configure:7720: $? = 0
configure:7720: result: yes
configure:7720: checking for inttypes.h
configure:7720: arm-linux-gnueabi-gcc -c -g -O2  conftest.c >&5
configure:7720: $? = 0
configure:7720: result: yes
configure:7720: checking for stdint.h
configure:7720: arm-linux-gnueabi-gcc -c -g -O2  conftest.c >&5
configure:7720: $? = 0
configure:7720: result: yes
configure:7720: checking for unistd.h
configure:7720: arm-linux-gnueabi-gcc -c -g -O2  conftest.c >&5
configure:7720: $? = 0
configure:7720: result: yes
configure:7734: checking for dlfcn.h
configure:7734: arm-linux-gnueabi-gcc -c -g -O2  conftest.c >&5
configure:7734: $? = 0
configure:7734: result: yes
configure:7940: checking for objdir
configure:7955: result: .libs
configure:8226: checking if arm-linux-gnueabi-gcc supports -fno-rtti -fno-exceptions
configure:8244: arm-linux-gnueabi-gcc -c -g -O2  -fno-rtti -fno-exceptions conftest.c >&5
cc1: warning: command-line option '-fno-rtti' is valid for C++/D/ObjC++ but not for C
configure:8248: $? = 0
configure:8261: result: no
configure:8588: checking for arm-linux-gnueabi-gcc option to produce PIC
configure:8595: result: -fPIC -DPIC
configure:8603: checking if arm-linux-gnueabi-gcc PIC flag -fPIC -DPIC works
configure:8621: arm-linux-gnueabi-gcc -c -g -O2  -fPIC -DPIC -DPIC conftest.c >&5
configure:8625: $? = 0
configure:8638: result: yes
configure:8667: checking if arm-linux-gnueabi-gcc static flag -static works
configure:8695: result: yes
configure:8710: checking if arm-linux-gnueabi-gcc supports -c -o file.o
configure:8731: arm-linux-gnueabi-gcc -c -g -O2  -o out/conftest2.o conftest.c >&5
configure:8735: $? = 0
configure:8757: result: yes
configure:8765: checking if arm-linux-gnueabi-gcc supports -c -o file.o
configure:8812: result: yes
configure:8845: checking whether the arm-linux-gnueabi-gcc linker (/usr/arm-linux-gnueabi/bin/ld) supports shared libraries
configure:9998: result: yes
configure:10035: checking whether -lc should be explicitly linked in
configure:10043: arm-linux-gnueabi-gcc -c -g -O2  conftest.c >&5
configure:10046: $? = 0
configure:10061: arm-linux-gnueabi-gcc -shared  -fPIC -DPIC conftest.o  -v -Wl,-soname -Wl,conftest -o conftest 2\>\&1 \| /usr/bin/grep  -lc  \>/dev/null 2\>\&1
configure:10064: $? = 0
configure:10078: result: no
configure:10238: checking dynamic linker characteristics
configure:10749: arm-linux-gnueabi-gcc -o conftest -g -O2   -Wl,-rpath -Wl,/foo conftest.c  >&5
configure:10749: $? = 0
configure:10975: result: GNU/Linux ld.so
configure:11082: checking how to hardcode library paths into programs
configure:11107: result: immediate
configure:11647: checking whether stripping libraries is possible
configure:11652: result: yes
configure:11687: checking if libtool supports shared libraries
configure:11689: result: yes
configure:11692: checking whether to build shared libraries
configure:11713: result: yes
configure:11716: checking whether to build static libraries
configure:11720: result: yes
configure:8769: checking sys/inotify.h usability
configure:8769: arm-linux-gnueabi-gcc -c -g -O2  conftest.c >&5
configure:8769: $? = 0
configure:8769: result: yes
configure:8769: checking sys/inotify.h presence
configure:8769: arm-linux-gnueabi-gcc -E  conftest.c
configure:8769: $? = 0
configure:8769: result: yes
configure:8769: checking for sys/inotify.h
configure:8769: result: yes
configure:8769: checking sys/epoll.h usability
configure:8769: arm-linux-gnueabi-gcc -c -g -O2  conftest.c >&5
configure:8769: $? = 0
configure:8769: result: yes
configure:8769: checking sys/epoll.h presence
configure:8769: arm-linux-gnueabi-gcc -E  conftest.c
configure:8769: $? = 0
configure:8769: result: yes
configure:8769: checking for sys/epoll.h
configure:8769: result: yes
configure:8769: checking sys/event.h usability
configure:8769: arm-linux-gnueabi-gcc -c -g -O2  conftest.c >&5
conftest.c:58:10: fatal error: sys/event.h: No such file or directory
   58 | #include <sys/event.h>
      |          ^~~~~~~~~~~~~
compilation terminated.
configure:8769: $? = 1
configure: failed program was:
| /* confdefs.h */
| #define PACKAGE_NAME "audit"
| #define PACKAGE_TARNAME "audit"
| #define PACKAGE_VERSION "2.4.4"
| #define PACKAGE_STRING "audit 2.4.4"
| #define PACKAGE_BUGREPORT ""
| #define PACKAGE_URL ""
| #define PACKAGE "audit"
| #define VERSION "2.4.4"
| #define STDC_HEADERS 1
| #define HAVE_SYS_TYPES_H 1
| #define HAVE_SYS_STAT_H 1
| #define HAVE_STDLIB_H 1
| #define HAVE_STRING_H 1
| #define HAVE_MEMORY_H 1
| #define HAVE_STRINGS_H 1
| #define HAVE_INTTYPES_H 1
| #define HAVE_STDINT_H 1
| #define HAVE_UNISTD_H 1
| #define HAVE_DLFCN_H 1
| #define LT_OBJDIR ".libs/"
| #define HAVE_SYS_INOTIFY_H 1
| #define HAVE_SYS_EPOLL_H 1
| /* end confdefs.h.  */
| #include <stdio.h>
| #ifdef HAVE_SYS_TYPES_H
| # include <sys/types.h>
| #endif
| #ifdef HAVE_SYS_STAT_H
| # include <sys/stat.h>
| #endif
| #ifdef STDC_HEADERS
| # include <stdlib.h>
| # include <stddef.h>
| #else
| # ifdef HAVE_STDLIB_H
| #  include <stdlib.h>
| # endif
| #endif
| #ifdef HAVE_STRING_H
| # if !defined STDC_HEADERS && defined HAVE_MEMORY_H
| #  include <memory.h>
| # endif
| # include <string.h>
| #endif
| #ifdef HAVE_STRINGS_H
| # include <strings.h>
| #endif
| #ifdef HAVE_INTTYPES_H
| # include <inttypes.h>
| #endif
| #ifdef HAVE_STDINT_H
| # include <stdint.h>
| #endif
| #ifdef HAVE_UNISTD_H
| # include <unistd.h>
| #endif
| #include <sys/event.h>
configure:8769: result: no
configure:8769: checking sys/event.h presence
configure:8769: arm-linux-gnueabi-gcc -E  conftest.c
conftest.c:25:10: fatal error: sys/event.h: No such file or directory
   25 | #include <sys/event.h>
      |          ^~~~~~~~~~~~~
compilation terminated.
configure:8769: $? = 1
configure: failed program was:
| /* confdefs.h */
| #define PACKAGE_NAME "audit"
| #define PACKAGE_TARNAME "audit"
| #define PACKAGE_VERSION "2.4.4"
| #define PACKAGE_STRING "audit 2.4.4"
| #define PACKAGE_BUGREPORT ""
| #define PACKAGE_URL ""
| #define PACKAGE "audit"
| #define VERSION "2.4.4"
| #define STDC_HEADERS 1
| #define HAVE_SYS_TYPES_H 1
| #define HAVE_SYS_STAT_H 1
| #define HAVE_STDLIB_H 1
| #define HAVE_STRING_H 1
| #define HAVE_MEMORY_H 1
| #define HAVE_STRINGS_H 1
| #define HAVE_INTTYPES_H 1
| #define HAVE_STDINT_H 1
| #define HAVE_UNISTD_H 1
| #define HAVE_DLFCN_H 1
| #define LT_OBJDIR ".libs/"
| #define HAVE_SYS_INOTIFY_H 1
| #define HAVE_SYS_EPOLL_H 1
| /* end confdefs.h.  */
| #include <sys/event.h>
configure:8769: result: no
configure:8769: checking for sys/event.h
configure:8769: result: no
configure:8769: checking port.h usability
configure:8769: arm-linux-gnueabi-gcc -c -g -O2  conftest.c >&5
conftest.c:58:10: fatal error: port.h: No such file or directory
   58 | #include <port.h>
      |          ^~~~~~~~
compilation terminated.
configure:8769: $? = 1
configure: failed program was:
| /* confdefs.h */
| #define PACKAGE_NAME "audit"
| #define PACKAGE_TARNAME "audit"
| #define PACKAGE_VERSION "2.4.4"
| #define PACKAGE_STRING "audit 2.4.4"
| #define PACKAGE_BUGREPORT ""
| #define PACKAGE_URL ""
| #define PACKAGE "audit"
| #define VERSION "2.4.4"
| #define STDC_HEADERS 1
| #define HAVE_SYS_TYPES_H 1
| #define HAVE_SYS_STAT_H 1
| #define HAVE_STDLIB_H 1
| #define HAVE_STRING_H 1
| #define HAVE_MEMORY_H 1
| #define HAVE_STRINGS_H 1
| #define HAVE_INTTYPES_H 1
| #define HAVE_STDINT_H 1
| #define HAVE_UNISTD_H 1
| #define HAVE_DLFCN_H 1
| #define LT_OBJDIR ".libs/"
| #define HAVE_SYS_INOTIFY_H 1
| #define HAVE_SYS_EPOLL_H 1
| /* end confdefs.h.  */
| #include <stdio.h>
| #ifdef HAVE_SYS_TYPES_H
| # include <sys/types.h>
| #endif
| #ifdef HAVE_SYS_STAT_H
| # include <sys/stat.h>
| #endif
| #ifdef STDC_HEADERS
| # include <stdlib.h>
| # include <stddef.h>
| #else
| # ifdef HAVE_STDLIB_H
| #  include <stdlib.h>
| # endif
| #endif
| #ifdef HAVE_STRING_H
| # if !defined STDC_HEADERS && defined HAVE_MEMORY_H
| #  include <memory.h>
| # endif
| # include <string.h>
| #endif
| #ifdef HAVE_STRINGS_H
| # include <strings.h>
| #endif
| #ifdef HAVE_INTTYPES_H
| # include <inttypes.h>
| #endif
| #ifdef HAVE_STDINT_H
| # include <stdint.h>
| #endif
| #ifdef HAVE_UNISTD_H
| # include <unistd.h>
| #endif
| #include <port.h>
configure:8769: result: no
configure:8769: checking port.h presence
configure:8769: arm-linux-gnueabi-gcc -E  conftest.c
conftest.c:25:10: fatal error: port.h: No such file or directory
   25 | #include <port.h>
      |          ^~~~~~~~
compilation terminated.
configure:8769: $? = 1
configure: failed program was:
| /* confdefs.h */
| #define PACKAGE_NAME "audit"
| #define PACKAGE_TARNAME "audit"
| #define PACKAGE_VERSION "2.4.4"
| #define PACKAGE_STRING "audit 2.4.4"
| #define PACKAGE_BUGREPORT ""
| #define PACKAGE_URL ""
| #define PACKAGE "audit"
| #define VERSION "2.4.4"
| #define STDC_HEADERS 1
| #define HAVE_SYS_TYPES_H 1
| #define HAVE_SYS_STAT_H 1
| #define HAVE_STDLIB_H 1
| #define HAVE_STRING_H 1
| #define HAVE_MEMORY_H 1
| #define HAVE_STRINGS_H 1
| #define HAVE_INTTYPES_H 1
| #define HAVE_STDINT_H 1
| #define HAVE_UNISTD_H 1
| #define HAVE_DLFCN_H 1
| #define LT_OBJDIR ".libs/"
| #define HAVE_SYS_INOTIFY_H 1
| #define HAVE_SYS_EPOLL_H 1
| /* end confdefs.h.  */
| #include <port.h>
configure:8769: result: no
configure:8769: checking for port.h
configure:8769: result: no
configure:8769: checking poll.h usability
configure:8769: arm-linux-gnueabi-gcc -c -g -O2  conftest.c >&5
configure:8769: $? = 0
configure:8769: result: yes
configure:8769: checking poll.h presence
configure:8769: arm-linux-gnueabi-gcc -E  conftest.c
configure:8769: $? = 0
configure:8769: result: yes
configure:8769: checking for poll.h
configure:8769: result: yes
configure:8769: checking sys/select.h usability
configure:8769: arm-linux-gnueabi-gcc -c -g -O2  conftest.c >&5
configure:8769: $? = 0
configure:8769: result: yes
configure:8769: checking sys/select.h presence
configure:8769: arm-linux-gnueabi-gcc -E  conftest.c
configure:8769: $? = 0
configure:8769: result: yes
configure:8769: checking for sys/select.h
configure:8769: result: yes
configure:8769: checking sys/eventfd.h usability
configure:8769: arm-linux-gnueabi-gcc -c -g -O2  conftest.c >&5
configure:8769: $? = 0
configure:8769: result: yes
configure:8769: checking sys/eventfd.h presence
configure:8769: arm-linux-gnueabi-gcc -E  conftest.c
configure:8769: $? = 0
configure:8769: result: yes
configure:8769: checking for sys/eventfd.h
configure:8769: result: yes
configure:8769: checking sys/signalfd.h usability
configure:8769: arm-linux-gnueabi-gcc -c -g -O2  conftest.c >&5
configure:8769: $? = 0
configure:8769: result: yes
configure:8769: checking sys/signalfd.h presence
configure:8769: arm-linux-gnueabi-gcc -E  conftest.c
configure:8769: $? = 0
configure:8769: result: yes
configure:8769: checking for sys/signalfd.h
configure:8769: result: yes
configure:8783: checking for inotify_init
configure:8783: arm-linux-gnueabi-gcc -o conftest -g -O2   conftest.c  >&5
configure:8783: $? = 0
configure:8783: result: yes
configure:8783: checking for epoll_ctl
configure:8783: arm-linux-gnueabi-gcc -o conftest -g -O2   conftest.c  >&5
configure:8783: $? = 0
configure:8783: result: yes
configure:8783: checking for kqueue
configure:8783: arm-linux-gnueabi-gcc -o conftest -g -O2   conftest.c  >&5
/usr/lib/gcc-cross/arm-linux-gnueabi/10/../../../../arm-linux-gnueabi/bin/ld: /tmp/ccYOFu6Y.o: in function `main':
/home/li/ppp/begonia-android-11.0/tools/perf/build-arm/audit-2.4.4/conftest.c:65: undefined reference to `kqueue'
collect2: error: ld returned 1 exit status
configure:8783: $? = 1
configure: failed program was:
| /* confdefs.h */
| #define PACKAGE_NAME "audit"
| #define PACKAGE_TARNAME "audit"
| #define PACKAGE_VERSION "2.4.4"
| #define PACKAGE_STRING "audit 2.4.4"
| #define PACKAGE_BUGREPORT ""
| #define PACKAGE_URL ""
| #define PACKAGE "audit"
| #define VERSION "2.4.4"
| #define STDC_HEADERS 1
| #define HAVE_SYS_TYPES_H 1
| #define HAVE_SYS_STAT_H 1
| #define HAVE_STDLIB_H 1
| #define HAVE_STRING_H 1
| #define HAVE_MEMORY_H 1
| #define HAVE_STRINGS_H 1
| #define HAVE_INTTYPES_H 1
| #define HAVE_STDINT_H 1
| #define HAVE_UNISTD_H 1
| #define HAVE_DLFCN_H 1
| #define LT_OBJDIR ".libs/"
| #define HAVE_SYS_INOTIFY_H 1
| #define HAVE_SYS_EPOLL_H 1
| #define HAVE_POLL_H 1
| #define HAVE_SYS_SELECT_H 1
| #define HAVE_SYS_EVENTFD_H 1
| #define HAVE_SYS_SIGNALFD_H 1
| #define HAVE_INOTIFY_INIT 1
| #define HAVE_EPOLL_CTL 1
| /* end confdefs.h.  */
| /* Define kqueue to an innocuous variant, in case <limits.h> declares kqueue.
|    For example, HP-UX 11i <limits.h> declares gettimeofday.  */
| #define kqueue innocuous_kqueue
| 
| /* System header to define __stub macros and hopefully few prototypes,
|     which can conflict with char kqueue (); below.
|     Prefer <limits.h> to <assert.h> if __STDC__ is defined, since
|     <limits.h> exists even on freestanding compilers.  */
| 
| #ifdef __STDC__
| # include <limits.h>
| #else
| # include <assert.h>
| #endif
| 
| #undef kqueue
| 
| /* Override any GCC internal prototype to avoid an error.
|    Use char because int might match the return type of a GCC
|    builtin and then its argument prototype would still apply.  */
| #ifdef __cplusplus
| extern "C"
| #endif
| char kqueue ();
| /* The GNU C library defines this for functions which it implements
|     to always fail with ENOSYS.  Some functions are actually named
|     something starting with __ and the normal name is an alias.  */
| #if defined __stub_kqueue || defined __stub___kqueue
| choke me
| #endif
| 
| int
| main ()
| {
| return kqueue ();
|   ;
|   return 0;
| }
configure:8783: result: no
configure:8783: checking for port_create
configure:8783: arm-linux-gnueabi-gcc -o conftest -g -O2   conftest.c  >&5
/usr/lib/gcc-cross/arm-linux-gnueabi/10/../../../../arm-linux-gnueabi/bin/ld: /tmp/cc7XMExl.o: in function `main':
/home/li/ppp/begonia-android-11.0/tools/perf/build-arm/audit-2.4.4/conftest.c:65: undefined reference to `port_create'
collect2: error: ld returned 1 exit status
configure:8783: $? = 1
configure: failed program was:
| /* confdefs.h */
| #define PACKAGE_NAME "audit"
| #define PACKAGE_TARNAME "audit"
| #define PACKAGE_VERSION "2.4.4"
| #define PACKAGE_STRING "audit 2.4.4"
| #define PACKAGE_BUGREPORT ""
| #define PACKAGE_URL ""
| #define PACKAGE "audit"
| #define VERSION "2.4.4"
| #define STDC_HEADERS 1
| #define HAVE_SYS_TYPES_H 1
| #define HAVE_SYS_STAT_H 1
| #define HAVE_STDLIB_H 1
| #define HAVE_STRING_H 1
| #define HAVE_MEMORY_H 1
| #define HAVE_STRINGS_H 1
| #define HAVE_INTTYPES_H 1
| #define HAVE_STDINT_H 1
| #define HAVE_UNISTD_H 1
| #define HAVE_DLFCN_H 1
| #define LT_OBJDIR ".libs/"
| #define HAVE_SYS_INOTIFY_H 1
| #define HAVE_SYS_EPOLL_H 1
| #define HAVE_POLL_H 1
| #define HAVE_SYS_SELECT_H 1
| #define HAVE_SYS_EVENTFD_H 1
| #define HAVE_SYS_SIGNALFD_H 1
| #define HAVE_INOTIFY_INIT 1
| #define HAVE_EPOLL_CTL 1
| /* end confdefs.h.  */
| /* Define port_create to an innocuous variant, in case <limits.h> declares port_create.
|    For example, HP-UX 11i <limits.h> declares gettimeofday.  */
| #define port_create innocuous_port_create
| 
| /* System header to define __stub macros and hopefully few prototypes,
|     which can conflict with char port_create (); below.
|     Prefer <limits.h> to <assert.h> if __STDC__ is defined, since
|     <limits.h> exists even on freestanding compilers.  */
| 
| #ifdef __STDC__
| # include <limits.h>
| #else
| # include <assert.h>
| #endif
| 
| #undef port_create
| 
| /* Override any GCC internal prototype to avoid an error.
|    Use char because int might match the return type of a GCC
|    builtin and then its argument prototype would still apply.  */
| #ifdef __cplusplus
| extern "C"
| #endif
| char port_create ();
| /* The GNU C library defines this for functions which it implements
|     to always fail with ENOSYS.  Some functions are actually named
|     something starting with __ and the normal name is an alias.  */
| #if defined __stub_port_create || defined __stub___port_create
| choke me
| #endif
| 
| int
| main ()
| {
| return port_create ();
|   ;
|   return 0;
| }
configure:8783: result: no
configure:8783: checking for poll
configure:8783: arm-linux-gnueabi-gcc -o conftest -g -O2   conftest.c  >&5
configure:8783: $? = 0
configure:8783: result: yes
configure:8783: checking for select
configure:8783: arm-linux-gnueabi-gcc -o conftest -g -O2   conftest.c  >&5
configure:8783: $? = 0
configure:8783: result: yes
configure:8783: checking for eventfd
configure:8783: arm-linux-gnueabi-gcc -o conftest -g -O2   conftest.c  >&5
configure:8783: $? = 0
configure:8783: result: yes
configure:8783: checking for signalfd
configure:8783: arm-linux-gnueabi-gcc -o conftest -g -O2   conftest.c  >&5
configure:8783: $? = 0
configure:8783: result: yes
configure:8795: checking for clock_gettime
configure:8795: arm-linux-gnueabi-gcc -o conftest -g -O2   conftest.c  >&5
configure:8795: $? = 0
configure:8795: result: yes
configure:8899: checking for nanosleep
configure:8899: arm-linux-gnueabi-gcc -o conftest -g -O2   conftest.c  >&5
configure:8899: $? = 0
configure:8899: result: yes
configure:8974: checking for library containing floor
configure:9005: arm-linux-gnueabi-gcc -o conftest -g -O2   conftest.c  >&5
conftest.c:44:6: warning: conflicting types for built-in function 'floor'; expected 'double(double)' [-Wbuiltin-declaration-mismatch]
   44 | char floor ();
      |      ^~~~~
conftest.c:1:1: note: 'floor' is declared in header '<math.h>'
    1 | /* confdefs.h */
/usr/lib/gcc-cross/arm-linux-gnueabi/10/../../../../arm-linux-gnueabi/bin/ld: /tmp/ccrlmbBO.o: in function `main':
/home/li/ppp/begonia-android-11.0/tools/perf/build-arm/audit-2.4.4/conftest.c:48: undefined reference to `floor'
collect2: error: ld returned 1 exit status
configure:9005: $? = 1
configure: failed program was:
| /* confdefs.h */
| #define PACKAGE_NAME "audit"
| #define PACKAGE_TARNAME "audit"
| #define PACKAGE_VERSION "2.4.4"
| #define PACKAGE_STRING "audit 2.4.4"
| #define PACKAGE_BUGREPORT ""
| #define PACKAGE_URL ""
| #define PACKAGE "audit"
| #define VERSION "2.4.4"
| #define STDC_HEADERS 1
| #define HAVE_SYS_TYPES_H 1
| #define HAVE_SYS_STAT_H 1
| #define HAVE_STDLIB_H 1
| #define HAVE_STRING_H 1
| #define HAVE_MEMORY_H 1
| #define HAVE_STRINGS_H 1
| #define HAVE_INTTYPES_H 1
| #define HAVE_STDINT_H 1
| #define HAVE_UNISTD_H 1
| #define HAVE_DLFCN_H 1
| #define LT_OBJDIR ".libs/"
| #define HAVE_SYS_INOTIFY_H 1
| #define HAVE_SYS_EPOLL_H 1
| #define HAVE_POLL_H 1
| #define HAVE_SYS_SELECT_H 1
| #define HAVE_SYS_EVENTFD_H 1
| #define HAVE_SYS_SIGNALFD_H 1
| #define HAVE_INOTIFY_INIT 1
| #define HAVE_EPOLL_CTL 1
| #define HAVE_POLL 1
| #define HAVE_SELECT 1
| #define HAVE_EVENTFD 1
| #define HAVE_SIGNALFD 1
| #define HAVE_CLOCK_GETTIME 1
| #define HAVE_NANOSLEEP 1
| /* end confdefs.h.  */
| 
| /* Override any GCC internal prototype to avoid an error.
|    Use char because int might match the return type of a GCC
|    builtin and then its argument prototype would still apply.  */
| #ifdef __cplusplus
| extern "C"
| #endif
| char floor ();
| int
| main ()
| {
| return floor ();
|   ;
|   return 0;
| }
configure:9005: arm-linux-gnueabi-gcc -o conftest -g -O2   conftest.c -lm   >&5
conftest.c:44:6: warning: conflicting types for built-in function 'floor'; expected 'double(double)' [-Wbuiltin-declaration-mismatch]
   44 | char floor ();
      |      ^~~~~
conftest.c:1:1: note: 'floor' is declared in header '<math.h>'
    1 | /* confdefs.h */
configure:9005: $? = 0
configure:9022: result: -lm
configure:9048: checking for arm-linux-gnueabi-gcc
configure:9075: result: arm-linux-gnueabi-gcc
configure:9344: checking for C compiler version
configure:9353: arm-linux-gnueabi-gcc --version >&5
arm-linux-gnueabi-gcc (Ubuntu 10.3.0-1ubuntu1~20.04) 10.3.0
Copyright (C) 2020 Free Software Foundation, Inc.
This is free software; see the source for copying conditions.  There is NO
warranty; not even for MERCHANTABILITY or FITNESS FOR A PARTICULAR PURPOSE.

configure:9364: $? = 0
configure:9353: arm-linux-gnueabi-gcc -v >&5
Using built-in specs.
COLLECT_GCC=arm-linux-gnueabi-gcc
COLLECT_LTO_WRAPPER=/usr/lib/gcc-cross/arm-linux-gnueabi/10/lto-wrapper
Target: arm-linux-gnueabi
Configured with: ../src/configure -v --with-pkgversion='Ubuntu 10.3.0-1ubuntu1~20.04' --with-bugurl=file:///usr/share/doc/gcc-10/README.Bugs --enable-languages=c,ada,c++,go,d,fortran,objc,obj-c++,m2 --prefix=/usr --with-gcc-major-version-only --program-suffix=-10 --enable-shared --enable-linker-build-id --libexecdir=/usr/lib --without-included-gettext --enable-threads=posix --libdir=/usr/lib --enable-nls --with-sysroot=/ --enable-clocale=gnu --enable-libstdcxx-debug --enable-libstdcxx-time=yes --with-default-libstdcxx-abi=new --enable-gnu-unique-object --disable-libitm --disable-libquadmath --disable-libquadmath-support --enable-plugin --with-system-zlib --enable-libphobos-checking=release --without-target-system-zlib --enable-multiarch --enable-multilib --disable-sjlj-exceptions --with-specs='%{mfloat-abi=hard:-march=armv7-a -mcpu=generic-armv7-a -mfloat-abi=hard}' --with-arch=armv5t --with-float=soft --disable-werror --enable-multilib --enable-checking=release --build=x86_64-linux-gnu --host=x86_64-linux-gnu --target=arm-linux-gnueabi --program-prefix=arm-linux-gnueabi- --includedir=/usr/arm-linux-gnueabi/include --with-build-config=bootstrap-lto-lean --enable-link-mutex
Thread model: posix
Supported LTO compression algorithms: zlib
gcc version 10.3.0 (Ubuntu 10.3.0-1ubuntu1~20.04) 
configure:9364: $? = 0
configure:9353: arm-linux-gnueabi-gcc -V >&5
arm-linux-gnueabi-gcc: error: unrecognized command-line option '-V'
arm-linux-gnueabi-gcc: fatal error: no input files
compilation terminated.
configure:9364: $? = 1
configure:9353: arm-linux-gnueabi-gcc -qversion >&5
arm-linux-gnueabi-gcc: error: unrecognized command-line option '-qversion'; did you mean '--version'?
arm-linux-gnueabi-gcc: fatal error: no input files
compilation terminated.
configure:9364: $? = 1
configure:9368: checking whether we are using the GNU C compiler
configure:9396: result: yes
configure:9405: checking whether arm-linux-gnueabi-gcc accepts -g
configure:9466: result: yes
configure:9483: checking for arm-linux-gnueabi-gcc option to accept ISO C89
configure:9559: result: none needed
configure:9584: checking whether arm-linux-gnueabi-gcc understands -c and -o together
configure:9621: result: yes
configure:9640: checking dependency style of arm-linux-gnueabi-gcc
configure:9751: result: gcc3
configure:9771: checking for gawk
configure:9798: result: gawk
configure:9865: checking for gcc
configure:9881: found /usr/bin/gcc
configure:9892: result: gcc
configure:10121: checking for C compiler version
configure:10130: gcc --version >&5
gcc (Ubuntu 9.4.0-1ubuntu1~20.04.1) 9.4.0
Copyright (C) 2019 Free Software Foundation, Inc.
This is free software; see the source for copying conditions.  There is NO
warranty; not even for MERCHANTABILITY or FITNESS FOR A PARTICULAR PURPOSE.

configure:10141: $? = 0
configure:10130: gcc -v >&5
Using built-in specs.
COLLECT_GCC=gcc
COLLECT_LTO_WRAPPER=/usr/lib/gcc/x86_64-linux-gnu/9/lto-wrapper
OFFLOAD_TARGET_NAMES=nvptx-none:hsa
OFFLOAD_TARGET_DEFAULT=1
Target: x86_64-linux-gnu
Configured with: ../src/configure -v --with-pkgversion='Ubuntu 9.4.0-1ubuntu1~20.04.1' --with-bugurl=file:///usr/share/doc/gcc-9/README.Bugs --enable-languages=c,ada,c++,go,brig,d,fortran,objc,obj-c++,gm2 --prefix=/usr --with-gcc-major-version-only --program-suffix=-9 --program-prefix=x86_64-linux-gnu- --enable-shared --enable-linker-build-id --libexecdir=/usr/lib --without-included-gettext --enable-threads=posix --libdir=/usr/lib --enable-nls --enable-clocale=gnu --enable-libstdcxx-debug --enable-libstdcxx-time=yes --with-default-libstdcxx-abi=new --enable-gnu-unique-object --disable-vtable-verify --enable-plugin --enable-default-pie --with-system-zlib --with-target-system-zlib=auto --enable-objc-gc=auto --enable-multiarch --disable-werror --with-arch-32=i686 --with-abi=m64 --with-multilib-list=m32,m64,mx32 --enable-multilib --with-tune=generic --enable-offload-targets=nvptx-none=/build/gcc-9-Av3uEd/gcc-9-9.4.0/debian/tmp-nvptx/usr,hsa --without-cuda-driver --enable-checking=release --build=x86_64-linux-gnu --host=x86_64-linux-gnu --target=x86_64-linux-gnu
Thread model: posix
gcc version 9.4.0 (Ubuntu 9.4.0-1ubuntu1~20.04.1) 
configure:10141: $? = 0
configure:10130: gcc -V >&5
gcc: error: unrecognized command line option '-V'
gcc: fatal error: no input files
compilation terminated.
configure:10141: $? = 1
configure:10130: gcc -qversion >&5
gcc: error: unrecognized command line option '-qversion'; did you mean '--version'?
gcc: fatal error: no input files
compilation terminated.
configure:10141: $? = 1
configure:10145: checking whether we are using the GNU C compiler
configure:10173: result: yes
configure:10182: checking whether gcc accepts -g
configure:10202: arm-linux-gnueabi-gcc -c -g -O2  conftest.c >&5
configure:10202: $? = 0
configure:10243: result: yes
configure:10260: checking for gcc option to accept ISO C89
configure:10336: result: none needed
configure:10361: checking whether gcc understands -c and -o together
configure:10398: result: yes
configure:10417: checking dependency style of gcc
configure:10528: result: gcc3
configure:10548: checking how to run the C preprocessor
configure:10579: arm-linux-gnueabi-gcc -E  conftest.c
configure:10579: $? = 0
configure:10593: arm-linux-gnueabi-gcc -E  conftest.c
conftest.c:38:10: fatal error: ac_nonexistent.h: No such file or directory
   38 | #include <ac_nonexistent.h>
      |          ^~~~~~~~~~~~~~~~~~
compilation terminated.
configure:10593: $? = 1
configure: failed program was:
| /* confdefs.h */
| #define PACKAGE_NAME "audit"
| #define PACKAGE_TARNAME "audit"
| #define PACKAGE_VERSION "2.4.4"
| #define PACKAGE_STRING "audit 2.4.4"
| #define PACKAGE_BUGREPORT ""
| #define PACKAGE_URL ""
| #define PACKAGE "audit"
| #define VERSION "2.4.4"
| #define STDC_HEADERS 1
| #define HAVE_SYS_TYPES_H 1
| #define HAVE_SYS_STAT_H 1
| #define HAVE_STDLIB_H 1
| #define HAVE_STRING_H 1
| #define HAVE_MEMORY_H 1
| #define HAVE_STRINGS_H 1
| #define HAVE_INTTYPES_H 1
| #define HAVE_STDINT_H 1
| #define HAVE_UNISTD_H 1
| #define HAVE_DLFCN_H 1
| #define LT_OBJDIR ".libs/"
| #define HAVE_SYS_INOTIFY_H 1
| #define HAVE_SYS_EPOLL_H 1
| #define HAVE_POLL_H 1
| #define HAVE_SYS_SELECT_H 1
| #define HAVE_SYS_EVENTFD_H 1
| #define HAVE_SYS_SIGNALFD_H 1
| #define HAVE_INOTIFY_INIT 1
| #define HAVE_EPOLL_CTL 1
| #define HAVE_POLL 1
| #define HAVE_SELECT 1
| #define HAVE_EVENTFD 1
| #define HAVE_SIGNALFD 1
| #define HAVE_CLOCK_GETTIME 1
| #define HAVE_NANOSLEEP 1
| #define HAVE_FLOOR 1
| /* end confdefs.h.  */
| #include <ac_nonexistent.h>
configure:10618: result: gcc -E
configure:10638: arm-linux-gnueabi-gcc -E  conftest.c
configure:10638: $? = 0
configure:10652: arm-linux-gnueabi-gcc -E  conftest.c
conftest.c:38:10: fatal error: ac_nonexistent.h: No such file or directory
   38 | #include <ac_nonexistent.h>
      |          ^~~~~~~~~~~~~~~~~~
compilation terminated.
configure:10652: $? = 1
configure: failed program was:
| /* confdefs.h */
| #define PACKAGE_NAME "audit"
| #define PACKAGE_TARNAME "audit"
| #define PACKAGE_VERSION "2.4.4"
| #define PACKAGE_STRING "audit 2.4.4"
| #define PACKAGE_BUGREPORT ""
| #define PACKAGE_URL ""
| #define PACKAGE "audit"
| #define VERSION "2.4.4"
| #define STDC_HEADERS 1
| #define HAVE_SYS_TYPES_H 1
| #define HAVE_SYS_STAT_H 1
| #define HAVE_STDLIB_H 1
| #define HAVE_STRING_H 1
| #define HAVE_MEMORY_H 1
| #define HAVE_STRINGS_H 1
| #define HAVE_INTTYPES_H 1
| #define HAVE_STDINT_H 1
| #define HAVE_UNISTD_H 1
| #define HAVE_DLFCN_H 1
| #define LT_OBJDIR ".libs/"
| #define HAVE_SYS_INOTIFY_H 1
| #define HAVE_SYS_EPOLL_H 1
| #define HAVE_POLL_H 1
| #define HAVE_SYS_SELECT_H 1
| #define HAVE_SYS_EVENTFD_H 1
| #define HAVE_SYS_SIGNALFD_H 1
| #define HAVE_INOTIFY_INIT 1
| #define HAVE_EPOLL_CTL 1
| #define HAVE_POLL 1
| #define HAVE_SELECT 1
| #define HAVE_EVENTFD 1
| #define HAVE_SIGNALFD 1
| #define HAVE_CLOCK_GETTIME 1
| #define HAVE_NANOSLEEP 1
| #define HAVE_FLOOR 1
| /* end confdefs.h.  */
| #include <ac_nonexistent.h>
configure:10692: checking for ANSI C header files
configure:10796: result: yes
configure:10804: checking whether time.h and sys/time.h may both be included
configure:10824: arm-linux-gnueabi-gcc -c -g -O2  conftest.c >&5
configure:10824: $? = 0
configure:10831: result: yes
configure:10840: checking for an ANSI C-conforming const
configure:10906: arm-linux-gnueabi-gcc -c -g -O2  conftest.c >&5
configure:10906: $? = 0
configure:10913: result: yes
configure:10921: checking for inline
configure:10937: arm-linux-gnueabi-gcc -c -g -O2  conftest.c >&5
configure:10937: $? = 0
configure:10945: result: inline
configure:10967: checking size of unsigned int
configure:10972: arm-linux-gnueabi-gcc -c -g -O2  conftest.c >&5
configure:10972: $? = 0
configure:10972: arm-linux-gnueabi-gcc -c -g -O2  conftest.c >&5
conftest.c: In function 'main':
conftest.c:76:12: error: size of array 'test_array' is negative
   76 | static int test_array [1 - 2 * !(((long int) (sizeof (unsigned int))) <= 0)];
      |            ^~~~~~~~~~
configure:10972: $? = 1
configure: failed program was:
| /* confdefs.h */
| #define PACKAGE_NAME "audit"
| #define PACKAGE_TARNAME "audit"
| #define PACKAGE_VERSION "2.4.4"
| #define PACKAGE_STRING "audit 2.4.4"
| #define PACKAGE_BUGREPORT ""
| #define PACKAGE_URL ""
| #define PACKAGE "audit"
| #define VERSION "2.4.4"
| #define STDC_HEADERS 1
| #define HAVE_SYS_TYPES_H 1
| #define HAVE_SYS_STAT_H 1
| #define HAVE_STDLIB_H 1
| #define HAVE_STRING_H 1
| #define HAVE_MEMORY_H 1
| #define HAVE_STRINGS_H 1
| #define HAVE_INTTYPES_H 1
| #define HAVE_STDINT_H 1
| #define HAVE_UNISTD_H 1
| #define HAVE_DLFCN_H 1
| #define LT_OBJDIR ".libs/"
| #define HAVE_SYS_INOTIFY_H 1
| #define HAVE_SYS_EPOLL_H 1
| #define HAVE_POLL_H 1
| #define HAVE_SYS_SELECT_H 1
| #define HAVE_SYS_EVENTFD_H 1
| #define HAVE_SYS_SIGNALFD_H 1
| #define HAVE_INOTIFY_INIT 1
| #define HAVE_EPOLL_CTL 1
| #define HAVE_POLL 1
| #define HAVE_SELECT 1
| #define HAVE_EVENTFD 1
| #define HAVE_SIGNALFD 1
| #define HAVE_CLOCK_GETTIME 1
| #define HAVE_NANOSLEEP 1
| #define HAVE_FLOOR 1
| #define STDC_HEADERS 1
| #define TIME_WITH_SYS_TIME 1
| /* end confdefs.h.  */
| #include <stdio.h>
| #ifdef HAVE_SYS_TYPES_H
| # include <sys/types.h>
| #endif
| #ifdef HAVE_SYS_STAT_H
| # include <sys/stat.h>
| #endif
| #ifdef STDC_HEADERS
| # include <stdlib.h>
| # include <stddef.h>
| #else
| # ifdef HAVE_STDLIB_H
| #  include <stdlib.h>
| # endif
| #endif
| #ifdef HAVE_STRING_H
| # if !defined STDC_HEADERS && defined HAVE_MEMORY_H
| #  include <memory.h>
| # endif
| # include <string.h>
| #endif
| #ifdef HAVE_STRINGS_H
| # include <strings.h>
| #endif
| #ifdef HAVE_INTTYPES_H
| # include <inttypes.h>
| #endif
| #ifdef HAVE_STDINT_H
| # include <stdint.h>
| #endif
| #ifdef HAVE_UNISTD_H
| # include <unistd.h>
| #endif
| int
| main ()
| {
| static int test_array [1 - 2 * !(((long int) (sizeof (unsigned int))) <= 0)];
| test_array [0] = 0;
| return test_array [0];
| 
|   ;
|   return 0;
| }
configure:10972: arm-linux-gnueabi-gcc -c -g -O2  conftest.c >&5
conftest.c: In function 'main':
conftest.c:76:12: error: size of array 'test_array' is negative
   76 | static int test_array [1 - 2 * !(((long int) (sizeof (unsigned int))) <= 1)];
      |            ^~~~~~~~~~
configure:10972: $? = 1
configure: failed program was:
| /* confdefs.h */
| #define PACKAGE_NAME "audit"
| #define PACKAGE_TARNAME "audit"
| #define PACKAGE_VERSION "2.4.4"
| #define PACKAGE_STRING "audit 2.4.4"
| #define PACKAGE_BUGREPORT ""
| #define PACKAGE_URL ""
| #define PACKAGE "audit"
| #define VERSION "2.4.4"
| #define STDC_HEADERS 1
| #define HAVE_SYS_TYPES_H 1
| #define HAVE_SYS_STAT_H 1
| #define HAVE_STDLIB_H 1
| #define HAVE_STRING_H 1
| #define HAVE_MEMORY_H 1
| #define HAVE_STRINGS_H 1
| #define HAVE_INTTYPES_H 1
| #define HAVE_STDINT_H 1
| #define HAVE_UNISTD_H 1
| #define HAVE_DLFCN_H 1
| #define LT_OBJDIR ".libs/"
| #define HAVE_SYS_INOTIFY_H 1
| #define HAVE_SYS_EPOLL_H 1
| #define HAVE_POLL_H 1
| #define HAVE_SYS_SELECT_H 1
| #define HAVE_SYS_EVENTFD_H 1
| #define HAVE_SYS_SIGNALFD_H 1
| #define HAVE_INOTIFY_INIT 1
| #define HAVE_EPOLL_CTL 1
| #define HAVE_POLL 1
| #define HAVE_SELECT 1
| #define HAVE_EVENTFD 1
| #define HAVE_SIGNALFD 1
| #define HAVE_CLOCK_GETTIME 1
| #define HAVE_NANOSLEEP 1
| #define HAVE_FLOOR 1
| #define STDC_HEADERS 1
| #define TIME_WITH_SYS_TIME 1
| /* end confdefs.h.  */
| #include <stdio.h>
| #ifdef HAVE_SYS_TYPES_H
| # include <sys/types.h>
| #endif
| #ifdef HAVE_SYS_STAT_H
| # include <sys/stat.h>
| #endif
| #ifdef STDC_HEADERS
| # include <stdlib.h>
| # include <stddef.h>
| #else
| # ifdef HAVE_STDLIB_H
| #  include <stdlib.h>
| # endif
| #endif
| #ifdef HAVE_STRING_H
| # if !defined STDC_HEADERS && defined HAVE_MEMORY_H
| #  include <memory.h>
| # endif
| # include <string.h>
| #endif
| #ifdef HAVE_STRINGS_H
| # include <strings.h>
| #endif
| #ifdef HAVE_INTTYPES_H
| # include <inttypes.h>
| #endif
| #ifdef HAVE_STDINT_H
| # include <stdint.h>
| #endif
| #ifdef HAVE_UNISTD_H
| # include <unistd.h>
| #endif
| int
| main ()
| {
| static int test_array [1 - 2 * !(((long int) (sizeof (unsigned int))) <= 1)];
| test_array [0] = 0;
| return test_array [0];
| 
|   ;
|   return 0;
| }
configure:10972: arm-linux-gnueabi-gcc -c -g -O2  conftest.c >&5
conftest.c: In function 'main':
conftest.c:76:12: error: size of array 'test_array' is negative
   76 | static int test_array [1 - 2 * !(((long int) (sizeof (unsigned int))) <= 3)];
      |            ^~~~~~~~~~
configure:10972: $? = 1
configure: failed program was:
| /* confdefs.h */
| #define PACKAGE_NAME "audit"
| #define PACKAGE_TARNAME "audit"
| #define PACKAGE_VERSION "2.4.4"
| #define PACKAGE_STRING "audit 2.4.4"
| #define PACKAGE_BUGREPORT ""
| #define PACKAGE_URL ""
| #define PACKAGE "audit"
| #define VERSION "2.4.4"
| #define STDC_HEADERS 1
| #define HAVE_SYS_TYPES_H 1
| #define HAVE_SYS_STAT_H 1
| #define HAVE_STDLIB_H 1
| #define HAVE_STRING_H 1
| #define HAVE_MEMORY_H 1
| #define HAVE_STRINGS_H 1
| #define HAVE_INTTYPES_H 1
| #define HAVE_STDINT_H 1
| #define HAVE_UNISTD_H 1
| #define HAVE_DLFCN_H 1
| #define LT_OBJDIR ".libs/"
| #define HAVE_SYS_INOTIFY_H 1
| #define HAVE_SYS_EPOLL_H 1
| #define HAVE_POLL_H 1
| #define HAVE_SYS_SELECT_H 1
| #define HAVE_SYS_EVENTFD_H 1
| #define HAVE_SYS_SIGNALFD_H 1
| #define HAVE_INOTIFY_INIT 1
| #define HAVE_EPOLL_CTL 1
| #define HAVE_POLL 1
| #define HAVE_SELECT 1
| #define HAVE_EVENTFD 1
| #define HAVE_SIGNALFD 1
| #define HAVE_CLOCK_GETTIME 1
| #define HAVE_NANOSLEEP 1
| #define HAVE_FLOOR 1
| #define STDC_HEADERS 1
| #define TIME_WITH_SYS_TIME 1
| /* end confdefs.h.  */
| #include <stdio.h>
| #ifdef HAVE_SYS_TYPES_H
| # include <sys/types.h>
| #endif
| #ifdef HAVE_SYS_STAT_H
| # include <sys/stat.h>
| #endif
| #ifdef STDC_HEADERS
| # include <stdlib.h>
| # include <stddef.h>
| #else
| # ifdef HAVE_STDLIB_H
| #  include <stdlib.h>
| # endif
| #endif
| #ifdef HAVE_STRING_H
| # if !defined STDC_HEADERS && defined HAVE_MEMORY_H
| #  include <memory.h>
| # endif
| # include <string.h>
| #endif
| #ifdef HAVE_STRINGS_H
| # include <strings.h>
| #endif
| #ifdef HAVE_INTTYPES_H
| # include <inttypes.h>
| #endif
| #ifdef HAVE_STDINT_H
| # include <stdint.h>
| #endif
| #ifdef HAVE_UNISTD_H
| # include <unistd.h>
| #endif
| int
| main ()
| {
| static int test_array [1 - 2 * !(((long int) (sizeof (unsigned int))) <= 3)];
| test_array [0] = 0;
| return test_array [0];
| 
|   ;
|   return 0;
| }
configure:10972: arm-linux-gnueabi-gcc -c -g -O2  conftest.c >&5
configure:10972: $? = 0
configure:10972: arm-linux-gnueabi-gcc -c -g -O2  conftest.c >&5
configure:10972: $? = 0
configure:10972: arm-linux-gnueabi-gcc -c -g -O2  conftest.c >&5
configure:10972: $? = 0
configure:10986: result: 4
configure:11000: checking size of unsigned long
configure:11005: arm-linux-gnueabi-gcc -c -g -O2  conftest.c >&5
configure:11005: $? = 0
configure:11005: arm-linux-gnueabi-gcc -c -g -O2  conftest.c >&5
conftest.c: In function 'main':
conftest.c:77:12: error: size of array 'test_array' is negative
   77 | static int test_array [1 - 2 * !(((long int) (sizeof (unsigned long))) <= 0)];
      |            ^~~~~~~~~~
configure:11005: $? = 1
configure: failed program was:
| /* confdefs.h */
| #define PACKAGE_NAME "audit"
| #define PACKAGE_TARNAME "audit"
| #define PACKAGE_VERSION "2.4.4"
| #define PACKAGE_STRING "audit 2.4.4"
| #define PACKAGE_BUGREPORT ""
| #define PACKAGE_URL ""
| #define PACKAGE "audit"
| #define VERSION "2.4.4"
| #define STDC_HEADERS 1
| #define HAVE_SYS_TYPES_H 1
| #define HAVE_SYS_STAT_H 1
| #define HAVE_STDLIB_H 1
| #define HAVE_STRING_H 1
| #define HAVE_MEMORY_H 1
| #define HAVE_STRINGS_H 1
| #define HAVE_INTTYPES_H 1
| #define HAVE_STDINT_H 1
| #define HAVE_UNISTD_H 1
| #define HAVE_DLFCN_H 1
| #define LT_OBJDIR ".libs/"
| #define HAVE_SYS_INOTIFY_H 1
| #define HAVE_SYS_EPOLL_H 1
| #define HAVE_POLL_H 1
| #define HAVE_SYS_SELECT_H 1
| #define HAVE_SYS_EVENTFD_H 1
| #define HAVE_SYS_SIGNALFD_H 1
| #define HAVE_INOTIFY_INIT 1
| #define HAVE_EPOLL_CTL 1
| #define HAVE_POLL 1
| #define HAVE_SELECT 1
| #define HAVE_EVENTFD 1
| #define HAVE_SIGNALFD 1
| #define HAVE_CLOCK_GETTIME 1
| #define HAVE_NANOSLEEP 1
| #define HAVE_FLOOR 1
| #define STDC_HEADERS 1
| #define TIME_WITH_SYS_TIME 1
| #define SIZEOF_UNSIGNED_INT 4
| /* end confdefs.h.  */
| #include <stdio.h>
| #ifdef HAVE_SYS_TYPES_H
| # include <sys/types.h>
| #endif
| #ifdef HAVE_SYS_STAT_H
| # include <sys/stat.h>
| #endif
| #ifdef STDC_HEADERS
| # include <stdlib.h>
| # include <stddef.h>
| #else
| # ifdef HAVE_STDLIB_H
| #  include <stdlib.h>
| # endif
| #endif
| #ifdef HAVE_STRING_H
| # if !defined STDC_HEADERS && defined HAVE_MEMORY_H
| #  include <memory.h>
| # endif
| # include <string.h>
| #endif
| #ifdef HAVE_STRINGS_H
| # include <strings.h>
| #endif
| #ifdef HAVE_INTTYPES_H
| # include <inttypes.h>
| #endif
| #ifdef HAVE_STDINT_H
| # include <stdint.h>
| #endif
| #ifdef HAVE_UNISTD_H
| # include <unistd.h>
| #endif
| int
| main ()
| {
| static int test_array [1 - 2 * !(((long int) (sizeof (unsigned long))) <= 0)];
| test_array [0] = 0;
| return test_array [0];
| 
|   ;
|   return 0;
| }
configure:11005: arm-linux-gnueabi-gcc -c -g -O2  conftest.c >&5
conftest.c: In function 'main':
conftest.c:77:12: error: size of array 'test_array' is negative
   77 | static int test_array [1 - 2 * !(((long int) (sizeof (unsigned long))) <= 1)];
      |            ^~~~~~~~~~
configure:11005: $? = 1
configure: failed program was:
| /* confdefs.h */
| #define PACKAGE_NAME "audit"
| #define PACKAGE_TARNAME "audit"
| #define PACKAGE_VERSION "2.4.4"
| #define PACKAGE_STRING "audit 2.4.4"
| #define PACKAGE_BUGREPORT ""
| #define PACKAGE_URL ""
| #define PACKAGE "audit"
| #define VERSION "2.4.4"
| #define STDC_HEADERS 1
| #define HAVE_SYS_TYPES_H 1
| #define HAVE_SYS_STAT_H 1
| #define HAVE_STDLIB_H 1
| #define HAVE_STRING_H 1
| #define HAVE_MEMORY_H 1
| #define HAVE_STRINGS_H 1
| #define HAVE_INTTYPES_H 1
| #define HAVE_STDINT_H 1
| #define HAVE_UNISTD_H 1
| #define HAVE_DLFCN_H 1
| #define LT_OBJDIR ".libs/"
| #define HAVE_SYS_INOTIFY_H 1
| #define HAVE_SYS_EPOLL_H 1
| #define HAVE_POLL_H 1
| #define HAVE_SYS_SELECT_H 1
| #define HAVE_SYS_EVENTFD_H 1
| #define HAVE_SYS_SIGNALFD_H 1
| #define HAVE_INOTIFY_INIT 1
| #define HAVE_EPOLL_CTL 1
| #define HAVE_POLL 1
| #define HAVE_SELECT 1
| #define HAVE_EVENTFD 1
| #define HAVE_SIGNALFD 1
| #define HAVE_CLOCK_GETTIME 1
| #define HAVE_NANOSLEEP 1
| #define HAVE_FLOOR 1
| #define STDC_HEADERS 1
| #define TIME_WITH_SYS_TIME 1
| #define SIZEOF_UNSIGNED_INT 4
| /* end confdefs.h.  */
| #include <stdio.h>
| #ifdef HAVE_SYS_TYPES_H
| # include <sys/types.h>
| #endif
| #ifdef HAVE_SYS_STAT_H
| # include <sys/stat.h>
| #endif
| #ifdef STDC_HEADERS
| # include <stdlib.h>
| # include <stddef.h>
| #else
| # ifdef HAVE_STDLIB_H
| #  include <stdlib.h>
| # endif
| #endif
| #ifdef HAVE_STRING_H
| # if !defined STDC_HEADERS && defined HAVE_MEMORY_H
| #  include <memory.h>
| # endif
| # include <string.h>
| #endif
| #ifdef HAVE_STRINGS_H
| # include <strings.h>
| #endif
| #ifdef HAVE_INTTYPES_H
| # include <inttypes.h>
| #endif
| #ifdef HAVE_STDINT_H
| # include <stdint.h>
| #endif
| #ifdef HAVE_UNISTD_H
| # include <unistd.h>
| #endif
| int
| main ()
| {
| static int test_array [1 - 2 * !(((long int) (sizeof (unsigned long))) <= 1)];
| test_array [0] = 0;
| return test_array [0];
| 
|   ;
|   return 0;
| }
configure:11005: arm-linux-gnueabi-gcc -c -g -O2  conftest.c >&5
conftest.c: In function 'main':
conftest.c:77:12: error: size of array 'test_array' is negative
   77 | static int test_array [1 - 2 * !(((long int) (sizeof (unsigned long))) <= 3)];
      |            ^~~~~~~~~~
configure:11005: $? = 1
configure: failed program was:
| /* confdefs.h */
| #define PACKAGE_NAME "audit"
| #define PACKAGE_TARNAME "audit"
| #define PACKAGE_VERSION "2.4.4"
| #define PACKAGE_STRING "audit 2.4.4"
| #define PACKAGE_BUGREPORT ""
| #define PACKAGE_URL ""
| #define PACKAGE "audit"
| #define VERSION "2.4.4"
| #define STDC_HEADERS 1
| #define HAVE_SYS_TYPES_H 1
| #define HAVE_SYS_STAT_H 1
| #define HAVE_STDLIB_H 1
| #define HAVE_STRING_H 1
| #define HAVE_MEMORY_H 1
| #define HAVE_STRINGS_H 1
| #define HAVE_INTTYPES_H 1
| #define HAVE_STDINT_H 1
| #define HAVE_UNISTD_H 1
| #define HAVE_DLFCN_H 1
| #define LT_OBJDIR ".libs/"
| #define HAVE_SYS_INOTIFY_H 1
| #define HAVE_SYS_EPOLL_H 1
| #define HAVE_POLL_H 1
| #define HAVE_SYS_SELECT_H 1
| #define HAVE_SYS_EVENTFD_H 1
| #define HAVE_SYS_SIGNALFD_H 1
| #define HAVE_INOTIFY_INIT 1
| #define HAVE_EPOLL_CTL 1
| #define HAVE_POLL 1
| #define HAVE_SELECT 1
| #define HAVE_EVENTFD 1
| #define HAVE_SIGNALFD 1
| #define HAVE_CLOCK_GETTIME 1
| #define HAVE_NANOSLEEP 1
| #define HAVE_FLOOR 1
| #define STDC_HEADERS 1
| #define TIME_WITH_SYS_TIME 1
| #define SIZEOF_UNSIGNED_INT 4
| /* end confdefs.h.  */
| #include <stdio.h>
| #ifdef HAVE_SYS_TYPES_H
| # include <sys/types.h>
| #endif
| #ifdef HAVE_SYS_STAT_H
| # include <sys/stat.h>
| #endif
| #ifdef STDC_HEADERS
| # include <stdlib.h>
| # include <stddef.h>
| #else
| # ifdef HAVE_STDLIB_H
| #  include <stdlib.h>
| # endif
| #endif
| #ifdef HAVE_STRING_H
| # if !defined STDC_HEADERS && defined HAVE_MEMORY_H
| #  include <memory.h>
| # endif
| # include <string.h>
| #endif
| #ifdef HAVE_STRINGS_H
| # include <strings.h>
| #endif
| #ifdef HAVE_INTTYPES_H
| # include <inttypes.h>
| #endif
| #ifdef HAVE_STDINT_H
| # include <stdint.h>
| #endif
| #ifdef HAVE_UNISTD_H
| # include <unistd.h>
| #endif
| int
| main ()
| {
| static int test_array [1 - 2 * !(((long int) (sizeof (unsigned long))) <= 3)];
| test_array [0] = 0;
| return test_array [0];
| 
|   ;
|   return 0;
| }
configure:11005: arm-linux-gnueabi-gcc -c -g -O2  conftest.c >&5
configure:11005: $? = 0
configure:11005: arm-linux-gnueabi-gcc -c -g -O2  conftest.c >&5
configure:11005: $? = 0
configure:11005: arm-linux-gnueabi-gcc -c -g -O2  conftest.c >&5
configure:11005: $? = 0
configure:11019: result: 4
configure:11030: checking whether AUDIT_FEATURE_VERSION is declared
configure:11030: arm-linux-gnueabi-gcc -c -g -O2  conftest.c >&5
configure:11030: $? = 0
configure:11030: result: yes
configure:11042: checking whether AUDIT_VERSION_BACKLOG_WAIT_TIME is declared
configure:11042: arm-linux-gnueabi-gcc -c -g -O2  conftest.c >&5
configure:11042: $? = 0
configure:11042: result: yes
configure:11054: checking whether ADDR_NO_RANDOMIZE is declared
configure:11054: arm-linux-gnueabi-gcc -c -g -O2  conftest.c >&5
configure:11054: $? = 0
configure:11054: result: yes
configure:11068: checking for posix_fallocate
configure:11068: arm-linux-gnueabi-gcc -o conftest -g -O2   conftest.c  >&5
configure:11068: $? = 0
configure:11068: result: yes
configure:11093: checking whether to create python bindings
configure:11108: result: testing
configure:11122: checking for python
configure:11140: found /usr/bin/python
configure:11152: result: /usr/bin/python
configure:11173: checking for python version
configure:11180: result: 2.7
configure:11192: checking for python platform
configure:11199: result: linux2
configure:11225: checking for python script directory
configure:11260: result: ${prefix}/lib/python2.7/site-packages
configure:11269: checking for python extension module directory
configure:11304: result: ${exec_prefix}/lib/python2.7/site-packages
configure:11330: WARNING: "Python headers not found - python bindings will not be made"
configure:11344: checking whether to create python3 bindings
configure:11358: result: investigating
configure:11362: checking for python3-config
configure:11393: result: no
configure:11487: checking whether to create Go language bindings
configure:11502: result: testing
configure:11506: checking for go
configure:11534: result: no
configure:11559: WARNING: "Go not found - go bindings will not be made"
configure:11575: checking whether to include auditd network listener support
configure:11597: result: yes
configure:11601: checking whether to include audisp ZOS remote plugin
configure:11618: result: yes
configure:11775: checking whether to include alpha processor support
configure:11798: result: no
configure:11801: checking whether to include arm eabi processor support
configure:11824: result: no
configure:11827: checking whether to include aarch64 processor support
configure:11850: result: no
configure:11853: checking whether to use apparmor
configure:11868: result: no
configure:11871: checking whether to use prelude
configure:11881: result: no
configure:11946: checking whether to use libwrap
configure:12175: result: no
configure:12207: checking cap-ng.h usability
configure:12207: arm-linux-gnueabi-gcc -c -g -O2  conftest.c >&5
conftest.c:80:10: fatal error: cap-ng.h: No such file or directory
   80 | #include <cap-ng.h>
      |          ^~~~~~~~~~
compilation terminated.
configure:12207: $? = 1
configure: failed program was:
| /* confdefs.h */
| #define PACKAGE_NAME "audit"
| #define PACKAGE_TARNAME "audit"
| #define PACKAGE_VERSION "2.4.4"
| #define PACKAGE_STRING "audit 2.4.4"
| #define PACKAGE_BUGREPORT ""
| #define PACKAGE_URL ""
| #define PACKAGE "audit"
| #define VERSION "2.4.4"
| #define STDC_HEADERS 1
| #define HAVE_SYS_TYPES_H 1
| #define HAVE_SYS_STAT_H 1
| #define HAVE_STDLIB_H 1
| #define HAVE_STRING_H 1
| #define HAVE_MEMORY_H 1
| #define HAVE_STRINGS_H 1
| #define HAVE_INTTYPES_H 1
| #define HAVE_STDINT_H 1
| #define HAVE_UNISTD_H 1
| #define HAVE_DLFCN_H 1
| #define LT_OBJDIR ".libs/"
| #define HAVE_SYS_INOTIFY_H 1
| #define HAVE_SYS_EPOLL_H 1
| #define HAVE_POLL_H 1
| #define HAVE_SYS_SELECT_H 1
| #define HAVE_SYS_EVENTFD_H 1
| #define HAVE_SYS_SIGNALFD_H 1
| #define HAVE_INOTIFY_INIT 1
| #define HAVE_EPOLL_CTL 1
| #define HAVE_POLL 1
| #define HAVE_SELECT 1
| #define HAVE_EVENTFD 1
| #define HAVE_SIGNALFD 1
| #define HAVE_CLOCK_GETTIME 1
| #define HAVE_NANOSLEEP 1
| #define HAVE_FLOOR 1
| #define STDC_HEADERS 1
| #define TIME_WITH_SYS_TIME 1
| #define SIZEOF_UNSIGNED_INT 4
| #define SIZEOF_UNSIGNED_LONG 4
| #define HAVE_DECL_AUDIT_FEATURE_VERSION 1
| #define HAVE_DECL_AUDIT_VERSION_BACKLOG_WAIT_TIME 1
| #define HAVE_DECL_ADDR_NO_RANDOMIZE 1
| #define HAVE_POSIX_FALLOCATE 1
| #define USE_LISTENER 1
| /* end confdefs.h.  */
| #include <stdio.h>
| #ifdef HAVE_SYS_TYPES_H
| # include <sys/types.h>
| #endif
| #ifdef HAVE_SYS_STAT_H
| # include <sys/stat.h>
| #endif
| #ifdef STDC_HEADERS
| # include <stdlib.h>
| # include <stddef.h>
| #else
| # ifdef HAVE_STDLIB_H
| #  include <stdlib.h>
| # endif
| #endif
| #ifdef HAVE_STRING_H
| # if !defined STDC_HEADERS && defined HAVE_MEMORY_H
| #  include <memory.h>
| # endif
| # include <string.h>
| #endif
| #ifdef HAVE_STRINGS_H
| # include <strings.h>
| #endif
| #ifdef HAVE_INTTYPES_H
| # include <inttypes.h>
| #endif
| #ifdef HAVE_STDINT_H
| # include <stdint.h>
| #endif
| #ifdef HAVE_UNISTD_H
| # include <unistd.h>
| #endif
| #include <cap-ng.h>
configure:12207: result: no
configure:12207: checking cap-ng.h presence
configure:12207: arm-linux-gnueabi-gcc -E  conftest.c
conftest.c:47:10: fatal error: cap-ng.h: No such file or directory
   47 | #include <cap-ng.h>
      |          ^~~~~~~~~~
compilation terminated.
configure:12207: $? = 1
configure: failed program was:
| /* confdefs.h */
| #define PACKAGE_NAME "audit"
| #define PACKAGE_TARNAME "audit"
| #define PACKAGE_VERSION "2.4.4"
| #define PACKAGE_STRING "audit 2.4.4"
| #define PACKAGE_BUGREPORT ""
| #define PACKAGE_URL ""
| #define PACKAGE "audit"
| #define VERSION "2.4.4"
| #define STDC_HEADERS 1
| #define HAVE_SYS_TYPES_H 1
| #define HAVE_SYS_STAT_H 1
| #define HAVE_STDLIB_H 1
| #define HAVE_STRING_H 1
| #define HAVE_MEMORY_H 1
| #define HAVE_STRINGS_H 1
| #define HAVE_INTTYPES_H 1
| #define HAVE_STDINT_H 1
| #define HAVE_UNISTD_H 1
| #define HAVE_DLFCN_H 1
| #define LT_OBJDIR ".libs/"
| #define HAVE_SYS_INOTIFY_H 1
| #define HAVE_SYS_EPOLL_H 1
| #define HAVE_POLL_H 1
| #define HAVE_SYS_SELECT_H 1
| #define HAVE_SYS_EVENTFD_H 1
| #define HAVE_SYS_SIGNALFD_H 1
| #define HAVE_INOTIFY_INIT 1
| #define HAVE_EPOLL_CTL 1
| #define HAVE_POLL 1
| #define HAVE_SELECT 1
| #define HAVE_EVENTFD 1
| #define HAVE_SIGNALFD 1
| #define HAVE_CLOCK_GETTIME 1
| #define HAVE_NANOSLEEP 1
| #define HAVE_FLOOR 1
| #define STDC_HEADERS 1
| #define TIME_WITH_SYS_TIME 1
| #define SIZEOF_UNSIGNED_INT 4
| #define SIZEOF_UNSIGNED_LONG 4
| #define HAVE_DECL_AUDIT_FEATURE_VERSION 1
| #define HAVE_DECL_AUDIT_VERSION_BACKLOG_WAIT_TIME 1
| #define HAVE_DECL_ADDR_NO_RANDOMIZE 1
| #define HAVE_POSIX_FALLOCATE 1
| #define USE_LISTENER 1
| /* end confdefs.h.  */
| #include <cap-ng.h>
configure:12207: result: no
configure:12207: checking for cap-ng.h
configure:12207: result: no
configure:12217: checking for capng_clear in -lcap-ng
configure:12242: arm-linux-gnueabi-gcc -o conftest -g -O2   conftest.c -lcap-ng   >&5
/usr/lib/gcc-cross/arm-linux-gnueabi/10/../../../../arm-linux-gnueabi/bin/ld: cannot find -lcap-ng
collect2: error: ld returned 1 exit status
configure:12242: $? = 1
configure: failed program was:
| /* confdefs.h */
| #define PACKAGE_NAME "audit"
| #define PACKAGE_TARNAME "audit"
| #define PACKAGE_VERSION "2.4.4"
| #define PACKAGE_STRING "audit 2.4.4"
| #define PACKAGE_BUGREPORT ""
| #define PACKAGE_URL ""
| #define PACKAGE "audit"
| #define VERSION "2.4.4"
| #define STDC_HEADERS 1
| #define HAVE_SYS_TYPES_H 1
| #define HAVE_SYS_STAT_H 1
| #define HAVE_STDLIB_H 1
| #define HAVE_STRING_H 1
| #define HAVE_MEMORY_H 1
| #define HAVE_STRINGS_H 1
| #define HAVE_INTTYPES_H 1
| #define HAVE_STDINT_H 1
| #define HAVE_UNISTD_H 1
| #define HAVE_DLFCN_H 1
| #define LT_OBJDIR ".libs/"
| #define HAVE_SYS_INOTIFY_H 1
| #define HAVE_SYS_EPOLL_H 1
| #define HAVE_POLL_H 1
| #define HAVE_SYS_SELECT_H 1
| #define HAVE_SYS_EVENTFD_H 1
| #define HAVE_SYS_SIGNALFD_H 1
| #define HAVE_INOTIFY_INIT 1
| #define HAVE_EPOLL_CTL 1
| #define HAVE_POLL 1
| #define HAVE_SELECT 1
| #define HAVE_EVENTFD 1
| #define HAVE_SIGNALFD 1
| #define HAVE_CLOCK_GETTIME 1
| #define HAVE_NANOSLEEP 1
| #define HAVE_FLOOR 1
| #define STDC_HEADERS 1
| #define TIME_WITH_SYS_TIME 1
| #define SIZEOF_UNSIGNED_INT 4
| #define SIZEOF_UNSIGNED_LONG 4
| #define HAVE_DECL_AUDIT_FEATURE_VERSION 1
| #define HAVE_DECL_AUDIT_VERSION_BACKLOG_WAIT_TIME 1
| #define HAVE_DECL_ADDR_NO_RANDOMIZE 1
| #define HAVE_POSIX_FALLOCATE 1
| #define USE_LISTENER 1
| /* end confdefs.h.  */
| 
| /* Override any GCC internal prototype to avoid an error.
|    Use char because int might match the return type of a GCC
|    builtin and then its argument prototype would still apply.  */
| #ifdef __cplusplus
| extern "C"
| #endif
| char capng_clear ();
| int
| main ()
| {
| return capng_clear ();
|   ;
|   return 0;
| }
configure:12251: result: no
configure:12267: checking whether to use libcap-ng
configure:12276: result: no
configure:12389: checking that generated files are newer than configure
configure:12395: result: done
configure:12482: creating ./config.status

## ---------------------- ##
## Running config.status. ##
## ---------------------- ##

This file was extended by audit config.status 2.4.4, which was
generated by GNU Autoconf 2.69.  Invocation command line was

  CONFIG_FILES    = 
  CONFIG_HEADERS  = 
  CONFIG_LINKS    = 
  CONFIG_COMMANDS = 
  $ ./config.status 

on li-VirtualBox

config.status:1198: creating Makefile
config.status:1198: creating lib/Makefile
config.status:1198: creating lib/audit.pc
config.status:1198: creating lib/test/Makefile
config.status:1198: creating auparse/Makefile
config.status:1198: creating auparse/test/Makefile
config.status:1198: creating auparse/auparse.pc
config.status:1198: creating src/Makefile
config.status:1198: creating src/mt/Makefile
config.status:1198: creating src/libev/Makefile
config.status:1198: creating src/test/Makefile
config.status:1198: creating docs/Makefile
config.status:1198: creating init.d/Makefile
config.status:1198: creating audisp/Makefile
config.status:1198: creating audisp/plugins/Makefile
config.status:1198: creating audisp/plugins/builtins/Makefile
config.status:1198: creating audisp/plugins/prelude/Makefile
config.status:1198: creating audisp/plugins/remote/Makefile
config.status:1198: creating audisp/plugins/zos-remote/Makefile
config.status:1198: creating bindings/Makefile
config.status:1198: creating bindings/python/Makefile
config.status:1198: creating bindings/python/python2/Makefile
config.status:1198: creating bindings/python/python3/Makefile
config.status:1198: creating bindings/golang/Makefile
config.status:1198: creating bindings/swig/Makefile
config.status:1198: creating bindings/swig/src/Makefile
config.status:1198: creating bindings/swig/python/Makefile
config.status:1198: creating bindings/swig/python3/Makefile
config.status:1198: creating tools/Makefile
config.status:1198: creating tools/aulast/Makefile
config.status:1198: creating tools/aulastlog/Makefile
config.status:1198: creating tools/ausyscall/Makefile
config.status:1198: creating tools/auvirt/Makefile
config.status:1198: creating config.h
config.status:1379: config.h is unchanged
config.status:1427: executing depfiles commands
config.status:1427: executing libtool commands

## ---------------- ##
## Cache variables. ##
## ---------------- ##

ac_cv_build=x86_64-unknown-linux-gnu
ac_cv_build_prog_CPP='gcc -E'
ac_cv_build_prog_cc_g=yes
ac_cv_c_compiler_gnu=yes
ac_cv_c_const=yes
ac_cv_c_inline=inline
ac_cv_env_CC_set=set
ac_cv_env_CC_value=arm-linux-gnueabi-gcc
ac_cv_env_CFLAGS_set=
ac_cv_env_CFLAGS_value=
ac_cv_env_CPPFLAGS_set=
ac_cv_env_CPPFLAGS_value=
ac_cv_env_CPP_set=
ac_cv_env_CPP_value=
ac_cv_env_LDFLAGS_set=
ac_cv_env_LDFLAGS_value=
ac_cv_env_LIBS_set=
ac_cv_env_LIBS_value=
ac_cv_env_PYTHON_set=
ac_cv_env_PYTHON_value=
ac_cv_env_build_alias_set=
ac_cv_env_build_alias_value=
ac_cv_env_host_alias_set=set
ac_cv_env_host_alias_value=arm-linux-gnueabi
ac_cv_env_target_alias_set=
ac_cv_env_target_alias_value=
ac_cv_func_clock_gettime=yes
ac_cv_func_epoll_ctl=yes
ac_cv_func_eventfd=yes
ac_cv_func_inotify_init=yes
ac_cv_func_kqueue=no
ac_cv_func_nanosleep=yes
ac_cv_func_poll=yes
ac_cv_func_port_create=no
ac_cv_func_posix_fallocate=yes
ac_cv_func_select=yes
ac_cv_func_signalfd=yes
ac_cv_have_decl_ADDR_NO_RANDOMIZE=yes
ac_cv_have_decl_AUDIT_FEATURE_VERSION=yes
ac_cv_have_decl_AUDIT_VERSION_BACKLOG_WAIT_TIME=yes
ac_cv_header_cap_ng_h=no
ac_cv_header_dlfcn_h=yes
ac_cv_header_inttypes_h=yes
ac_cv_header_memory_h=yes
ac_cv_header_poll_h=yes
ac_cv_header_port_h=no
ac_cv_header_stdc=yes
ac_cv_header_stdint_h=yes
ac_cv_header_stdlib_h=yes
ac_cv_header_string_h=yes
ac_cv_header_strings_h=yes
ac_cv_header_sys_epoll_h=yes
ac_cv_header_sys_event_h=no
ac_cv_header_sys_eventfd_h=yes
ac_cv_header_sys_inotify_h=yes
ac_cv_header_sys_select_h=yes
ac_cv_header_sys_signalfd_h=yes
ac_cv_header_sys_stat_h=yes
ac_cv_header_sys_types_h=yes
ac_cv_header_time=yes
ac_cv_header_unistd_h=yes
ac_cv_host=arm-unknown-linux-gnueabi
ac_cv_lib_cap_ng_capng_clear=no
ac_cv_objext=o
ac_cv_path_EGREP='/usr/bin/grep -E'
ac_cv_path_FGREP='/usr/bin/grep -F'
ac_cv_path_GREP=/usr/bin/grep
ac_cv_path_PYTHON=/usr/bin/python
ac_cv_path_SED=/usr/bin/sed
ac_cv_path_install='/usr/bin/install -c'
ac_cv_path_mkdir=/usr/bin/mkdir
ac_cv_path_use_python3=no
ac_cv_prog_AR=arm-linux-gnueabi-ar
ac_cv_prog_AWK=gawk
ac_cv_prog_CC=arm-linux-gnueabi-gcc
ac_cv_prog_CPP='arm-linux-gnueabi-gcc -E'
ac_cv_prog_GOLANG=no
ac_cv_prog_OBJDUMP=arm-linux-gnueabi-objdump
ac_cv_prog_RANLIB=arm-linux-gnueabi-ranlib
ac_cv_prog_STRIP=arm-linux-gnueabi-strip
ac_cv_prog_ac_ct_CC_FOR_BUILD=gcc
ac_cv_prog_ac_ct_MANIFEST_TOOL=mt
ac_cv_prog_cc_c89=
ac_cv_prog_cc_g=yes
ac_cv_prog_make_make_set=yes
ac_cv_search_floor=-lm
ac_cv_sizeof_unsigned_int=4
ac_cv_sizeof_unsigned_long=4
ac_cv_target=arm-unknown-linux-gnueabi
am_cv_CC_dependencies_compiler_type=gcc3
am_cv_make_support_nested_variables=yes
am_cv_prog_cc_c_o=yes
am_cv_python_platform=linux2
am_cv_python_pyexecdir='${exec_prefix}/lib/python2.7/site-packages'
am_cv_python_pythondir='${prefix}/lib/python2.7/site-packages'
am_cv_python_version=2.7
lt_cv_ar_at_file=@
lt_cv_archive_cmds_need_lc=no
lt_cv_deplibs_check_method=pass_all
lt_cv_file_magic_cmd='$MAGIC_CMD'
lt_cv_file_magic_test_file=
lt_cv_ld_reload_flag=-r
lt_cv_nm_interface='BSD nm'
lt_cv_objdir=.libs
lt_cv_path_LD=/usr/arm-linux-gnueabi/bin/ld
lt_cv_path_NM='/usr/bin/arm-linux-gnueabi-nm -B'
lt_cv_path_mainfest_tool=no
lt_cv_prog_compiler_c_o=yes
lt_cv_prog_compiler_pic='-fPIC -DPIC'
lt_cv_prog_compiler_pic_works=yes
lt_cv_prog_compiler_rtti_exceptions=no
lt_cv_prog_compiler_static_works=yes
lt_cv_prog_gnu_ld=yes
lt_cv_sharedlib_from_linklib_cmd='printf %s\n'
lt_cv_shlibpath_overrides_runpath=yes
lt_cv_sys_global_symbol_pipe='sed -n -e '\''s/^.*[	 ]\([ABCDGIRSTW][ABCDGIRSTW]*\)[	 ][	 ]*\([_A-Za-z][_A-Za-z0-9]*\)$/\1 \2 \2/p'\'' | sed '\''/ __gnu_lto/d'\'''
lt_cv_sys_global_symbol_to_c_name_address='sed -n -e '\''s/^: \([^ ]*\)[ ]*$/  {\"\1\", (void *) 0},/p'\'' -e '\''s/^[ABCDGIRSTW]* \([^ ]*\) \([^ ]*\)$/  {"\2", (void *) \&\2},/p'\'''
lt_cv_sys_global_symbol_to_c_name_address_lib_prefix='sed -n -e '\''s/^: \([^ ]*\)[ ]*$/  {\"\1\", (void *) 0},/p'\'' -e '\''s/^[ABCDGIRSTW]* \([^ ]*\) \(lib[^ ]*\)$/  {"\2", (void *) \&\2},/p'\'' -e '\''s/^[ABCDGIRSTW]* \([^ ]*\) \([^ ]*\)$/  {"lib\2", (void *) \&\2},/p'\'''
lt_cv_sys_global_symbol_to_cdecl='sed -n -e '\''s/^T .* \(.*\)$/extern int \1();/p'\'' -e '\''s/^[ABCDGIRSTW]* .* \(.*\)$/extern char \1;/p'\'''
lt_cv_sys_max_cmd_len=1572864
lt_cv_to_host_file_cmd=func_convert_file_noop
lt_cv_to_tool_file_cmd=func_convert_file_noop

## ----------------- ##
## Output variables. ##
## ----------------- ##

ACLOCAL='${SHELL} /home/li/ppp/begonia-android-11.0/tools/perf/build-arm/audit-2.4.4/missing aclocal-1.15'
AMDEPBACKSLASH='\'
AMDEP_FALSE='#'
AMDEP_TRUE=''
AMTAR='$${TAR-tar}'
AM_BACKSLASH='\'
AM_DEFAULT_V='$(AM_DEFAULT_VERBOSITY)'
AM_DEFAULT_VERBOSITY='1'
AM_V='$(V)'
AR='arm-linux-gnueabi-ar'
AUTOCONF='${SHELL} /home/li/ppp/begonia-android-11.0/tools/perf/build-arm/audit-2.4.4/missing autoconf'
AUTOHEADER='${SHELL} /home/li/ppp/begonia-android-11.0/tools/perf/build-arm/audit-2.4.4/missing autoheader'
AUTOMAKE='${SHELL} /home/li/ppp/begonia-android-11.0/tools/perf/build-arm/audit-2.4.4/missing automake-1.15'
AWK='gawk'
BUILD_EXEEXT=''
BUILD_OBJEXT=''
CAPNG_LDADD=''
CC='arm-linux-gnueabi-gcc'
CCDEPMODE='depmode=gcc3'
CC_FOR_BUILD='gcc'
CFLAGS='-g -O2'
CFLAGS_FOR_BUILD='-g -O2'
CPP='arm-linux-gnueabi-gcc -E'
CPPFLAGS=''
CPPFLAGS_FOR_BUILD=''
CPP_FOR_BUILD='gcc -E'
CYGPATH_W='echo'
DEBUG='-DNDEBUG'
DEBUG_FALSE=''
DEBUG_TRUE='#'
DEFS='-DHAVE_CONFIG_H'
DEPDIR='.deps'
DLLTOOL='false'
DSYMUTIL=''
DUMPBIN=''
ECHO_C=''
ECHO_N='-n'
ECHO_T=''
EGREP='/usr/bin/grep -E'
ENABLE_GSSAPI_FALSE=''
ENABLE_GSSAPI_TRUE='#'
ENABLE_LISTENER_FALSE='#'
ENABLE_LISTENER_TRUE=''
ENABLE_SYSTEMD_FALSE=''
ENABLE_SYSTEMD_TRUE='#'
ENABLE_ZOS_REMOTE_FALSE='#'
ENABLE_ZOS_REMOTE_TRUE=''
EXEEXT=''
FGREP='/usr/bin/grep -F'
GOLANG='no'
GOROOT=''
GREP='/usr/bin/grep'
HAVE_GOLANG_FALSE=''
HAVE_GOLANG_TRUE='#'
HAVE_PRELUDE_FALSE=''
HAVE_PRELUDE_TRUE='#'
HAVE_PYTHON_FALSE=''
HAVE_PYTHON_TRUE='#'
INSTALL_DATA='${INSTALL} -m 644'
INSTALL_PROGRAM='${INSTALL}'
INSTALL_SCRIPT='${INSTALL}'
INSTALL_STRIP_PROGRAM='$(install_sh) -c -s'
LD='/usr/arm-linux-gnueabi/bin/ld'
LDFLAGS=''
LDFLAGS_FOR_BUILD=''
LIBOBJS=''
LIBPRELUDE_CFLAGS=''
LIBPRELUDE_LDFLAGS=''
LIBS=''
LIBTOOL='$(SHELL) $(top_builddir)/libtool'
LIBTOOL_DEPS='./ltmain.sh'
LIBWRAP_LIBS=''
LIPO=''
LN_S='ln -s'
LTLIBOBJS=''
MAKEINFO='${SHELL} /home/li/ppp/begonia-android-11.0/tools/perf/build-arm/audit-2.4.4/missing makeinfo'
MANIFEST_TOOL=':'
MKDIR_P='/usr/bin/mkdir -p'
NM='/usr/bin/arm-linux-gnueabi-nm -B'
NMEDIT=''
OBJDUMP='arm-linux-gnueabi-objdump'
OBJEXT='o'
OTOOL64=''
OTOOL=''
PACKAGE='audit'
PACKAGE_BUGREPORT=''
PACKAGE_NAME='audit'
PACKAGE_STRING='audit 2.4.4'
PACKAGE_TARNAME='audit'
PACKAGE_URL=''
PACKAGE_VERSION='2.4.4'
PATH_SEPARATOR=':'
PYINCLUDEDIR='/usr/include/python2.7'
PYTHON3=''
PYTHON3_CFLAGS=''
PYTHON3_EXEC_PREFIX=''
PYTHON3_INCLUDES=''
PYTHON3_LIBS=''
PYTHON3_PREFIX=''
PYTHON='/usr/bin/python'
PYTHON_EXEC_PREFIX='${exec_prefix}'
PYTHON_PLATFORM='linux2'
PYTHON_PREFIX='${prefix}'
PYTHON_VERSION='2.7'
RANLIB='arm-linux-gnueabi-ranlib'
SED='/usr/bin/sed'
SET_MAKE=''
SHELL='/bin/bash'
STRIP='arm-linux-gnueabi-strip'
USE_AARCH64_FALSE=''
USE_AARCH64_TRUE='#'
USE_ALPHA_FALSE=''
USE_ALPHA_TRUE='#'
USE_ARM_FALSE=''
USE_ARM_TRUE='#'
USE_PYTHON3_FALSE=''
USE_PYTHON3_TRUE='#'
VERSION='2.4.4'
ac_ct_AR=''
ac_ct_CC=''
ac_ct_CC_FOR_BUILD='gcc'
ac_ct_DUMPBIN=''
am__EXEEXT_FALSE=''
am__EXEEXT_TRUE='#'
am__fastdepCC_FALSE='#'
am__fastdepCC_TRUE=''
am__include='include'
am__isrc=''
am__leading_dot='.'
am__nodep='_no'
am__quote=''
am__tar='$${TAR-tar} chof - "$$tardir"'
am__untar='$${TAR-tar} xf -'
bindir='${exec_prefix}/bin'
build='x86_64-unknown-linux-gnu'
build_alias=''
build_cpu='x86_64'
build_os='linux-gnu'
build_vendor='unknown'
datadir='${datarootdir}'
datarootdir='${prefix}/share'
docdir='${datarootdir}/doc/${PACKAGE_TARNAME}'
dvidir='${docdir}'
exec_prefix='${prefix}'
gobind_dir=''
gss_libs=''
host='arm-unknown-linux-gnueabi'
host_alias='arm-linux-gnueabi'
host_cpu='arm'
host_os='linux-gnueabi'
host_vendor='unknown'
htmldir='${docdir}'
includedir='${prefix}/include'
infodir='${datarootdir}/info'
install_sh='${SHELL} /home/li/ppp/begonia-android-11.0/tools/perf/build-arm/audit-2.4.4/install-sh'
libdir='${exec_prefix}/lib'
libexecdir='${exec_prefix}/libexec'
localedir='${datarootdir}/locale'
localstatedir='${prefix}/var'
mandir='${datarootdir}/man'
mkdir_p='$(MKDIR_P)'
oldincludedir='/usr/include'
pdfdir='${docdir}'
pkgpyexecdir='${pyexecdir}/audit'
pkgpythondir='${pythondir}/audit'
prefix='/home/li/ppp/begonia-android-11.0/tools/perf/deps-arm'
program_transform_name='s,x,x,'
psdir='${docdir}'
py3execdir=''
pybind_dir=''
pyexecdir='${exec_prefix}/lib/python2.7/site-packages'
python3dir=''
pythondir='${prefix}/lib/python2.7/site-packages'
sbindir='${exec_prefix}/sbin'
sharedstatedir='${prefix}/com'
sysconfdir='${prefix}/etc'
target='arm-unknown-linux-gnueabi'
target_alias=''
target_cpu='arm'
target_os='linux-gnueabi'
target_vendor='unknown'
use_python3='no'

## ----------- ##
## confdefs.h. ##
## ----------- ##

/* confdefs.h */
#define PACKAGE_NAME "audit"
#define PACKAGE_TARNAME "audit"
#define PACKAGE_VERSION "2.4.4"
#define PACKAGE_STRING "audit 2.4.4"
#define PACKAGE_BUGREPORT ""
#define PACKAGE_URL ""
#define PACKAGE "audit"
#define VERSION "2.4.4"
#define STDC_HEADERS 1
#define HAVE_SYS_TYPES_H 1
#define HAVE_SYS_STAT_H 1
#define HAVE_STDLIB_H 1
#define HAVE_STRING_H 1
#define HAVE_MEMORY_H 1
#define HAVE_STRINGS_H 1
#define HAVE_INTTYPES_H 1
#define HAVE_STDINT_H 1
#define HAVE_UNISTD_H 1
#define HAVE_DLFCN_H 1
#define LT_OBJDIR ".libs/"
#define HAVE_SYS_INOTIFY_H 1
#define HAVE_SYS_EPOLL_H 1
#define HAVE_POLL_H 1
#define HAVE_SYS_SELECT_H 1
#define HAVE_SYS_EVENTFD_H 1
#define HAVE_SYS_SIGNALFD_H 1
#define HAVE_INOTIFY_INIT 1
#define HAVE_EPOLL_CTL 1
#define HAVE_POLL 1
#define HAVE_SELECT 1
#define HAVE_EVENTFD 1
#define HAVE_SIGNALFD 1
#define HAVE_CLOCK_GETTIME 1
#define HAVE_NANOSLEEP 1
#define HAVE_FLOOR 1
#define STDC_HEADERS 1
#define TIME_WITH_SYS_TIME 1
#define SIZEOF_UNSIGNED_INT 4
#define SIZEOF_UNSIGNED_LONG 4
#define HAVE_DECL_AUDIT_FEATURE_VERSION 1
#define HAVE_DECL_AUDIT_VERSION_BACKLOG_WAIT_TIME 1
#define HAVE_DECL_ADDR_NO_RANDOMIZE 1
#define HAVE_POSIX_FALLOCATE 1
#define USE_LISTENER 1

configure: exit 0
